QuestaSim-64 qrun 2023.1 Utility 2023.01 Jan 23 2023
Start time: 17:03:54 on Jun 15,2024
qrun -batch -access=rw+/. -timescale 1ns/1ns -mfcu design.sv testbench.sv -voptargs="+acc=npr" -do " run -all; exit" 
Creating library 'qrun.out/work'.
QuestaSim-64 vlog 2023.1 Compiler 2023.01 Jan 23 2023
Start time: 17:03:54 on Jun 15,2024
vlog -timescale 1ns/1ns -mfcu design.sv testbench.sv -work qrun.out/work -csession=incr -writesessionid "+qrun.out/top_dus" -statslog qrun.out/stats_log 
-- Compiling module fp_mult
-- Compiling module normalize_mult
-- Compiling module round_mult
-- Compiling module exception_mult
-- Compiling module check_mult
-- Compiling module fp_mult_top
-- Compiling module test_status_bits
-- Compiling module test_status_z_combinations
-- Compiling module TestBench

Top level modules:
	TestBench
End time: 17:03:54 on Jun 15,2024, Elapsed time: 0:00:00
Errors: 0, Warnings: 0
QuestaSim-64 vopt 2023.1 Compiler 2023.01 Jan 23 2023
** Warning: (vopt-10587) Some optimizations are turned off because the +acc switch is in effect. This will cause your simulation to run slowly. Please use -access/-debug to maintain needed visibility.
Start time: 17:03:54 on Jun 15,2024
vopt -access=rw+/. -timescale 1ns/1ns -mfcu "+acc=npr" -findtoplevels /home/runner/qrun.out/work+0+ -work qrun.out/work -statslog qrun.out/stats_log -o qrun_opt 

Top level modules:
	TestBench

Analyzing design...
-- Loading module TestBench
-- Loading module fp_mult_top
-- Loading module fp_mult
-- Loading module normalize_mult
-- Loading module round_mult
-- Loading module exception_mult
-- Loading module check_mult
-- Loading module test_status_z_combinations
-- Loading module test_status_bits
Optimizing 9 design-units (inlining 0/9 module instances):
-- Optimizing module TestBench(fast)
-- Optimizing module check_mult(fast)
-- Optimizing module exception_mult(fast)
-- Optimizing module test_status_z_combinations(fast)
-- Optimizing module fp_mult(fast)
-- Optimizing module round_mult(fast)
-- Optimizing module normalize_mult(fast)
-- Optimizing module fp_mult_top(fast)
-- Optimizing module test_status_bits(fast)
Optimized design name is qrun_opt
End time: 17:03:54 on Jun 15,2024, Elapsed time: 0:00:00
Errors: 0, Warnings: 1
# vsim -batch -voptargs="+acc=npr" -lib qrun.out/work -do " run -all; exit" -statslog qrun.out/stats_log qrun_opt -appendlog -l qrun.log -csession=incr 
# Start time: 17:03:54 on Jun 15,2024
# //  Questa Sim-64
# //  Version 2023.1 linux_x86_64 Jan 23 2023
# //
# //  Copyright 1991-2023 Mentor Graphics Corporation
# //  All Rights Reserved.
# //
# //  QuestaSim and its associated documentation contain trade
# //  secrets and commercial or financial information that are the property of
# //  Mentor Graphics Corporation and are privileged, confidential,
# //  and exempt from disclosure under the Freedom of Information Act,
# //  5 U.S.C. Section 552. Furthermore, this information
# //  is prohibited from disclosure under the Trade Secrets Act,
# //  18 U.S.C. Section 1905.
# //
# Loading sv_std.std
# Loading work.TestBench(fast)
# Loading work.fp_mult_top(fast)
# Loading work.fp_mult(fast)
# Loading work.normalize_mult(fast)
# Loading work.round_mult(fast)
# Loading work.exception_mult(fast)
# Loading work.test_status_bits(fast)
# Loading work.test_status_z_combinations(fast)
# Loading work.check_mult(fast)
# 
# run -all
#          0   z result failed
#          0  clk=1 status=xxxxxxxx a=xxxxxxxxxxxxxxxxxxxxxxxxxxxxxxxx b=xxxxxxxxxxxxxxxxxxxxxxxxxxxxxxxx z=xxxxxxxxxxxxxxxxxxxxxxxxxxxxxxxx z_check=xxxxxxxxxxxxxxxxxxxxxxxxxxxxxxxx
#          0   z result calculated correct
#         16   status test PASS
#         16  clk=1 status=00000000 a=00101110010001011011001001111000 b=11010111101011101010111001010011 z=00000000000000000000000000000000 z_check=00000000000000000000000000000000
#         32   status test PASS
#         32  clk=1 status=00000001 a=00100110000011110110011100010101 b=00011110001110100100110101001010 z=00000000000000000000000000000000 z_check=00000000000000000000000000000000
#         32   z result calculated correct
#         32   p1 PASS
#         48   status test PASS
#         48  clk=1 status=00000000 a=01001011101001010100010011110111 b=01100001110110000010110010001101 z=11000110100001101110010111101101 z_check=11000110100001101110010111101101
#         48   z result calculated correct
#         64   status test PASS
#         64  clk=1 status=00100000 a=11110011001100011110001111101100 b=01010101100000100000110000010101 z=00000100110100001011100001100001 z_check=00000100110100001011100001100001
#         64   z result calculated correct
#         80   status test PASS
#         80  clk=1 status=00000000 a=11101001001100111111111111110110 b=11111011001100100101001100100110 z=01101110000010111000111011110011 z_check=01101110000010111000111011110011
#         80   z result calculated correct
#         96   status test PASS
#         96  clk=1 status=00010010 a=01001100110110010100110001001001 b=00010001110100111011010010101100 z=11111111100000000000000000000000 z_check=11111111100000000000000000000000
#         96   z result calculated correct
#         96   p2 PASS
#         96   p4 PASS
#        112   status test PASS
#        112  clk=1 status=00010010 a=00110111000000100110100110001110 b=11000111111111000010100001011010 z=01111111100000000000000000000000 z_check=01111111100000000000000000000000
#        112   z result calculated correct
#        112   p2 PASS
#        112   p4 PASS
#        128   status test PASS
#        128  clk=1 status=00000000 a=11110111010110010110011000011111 b=01100010100101110110111000110010 z=00011111001100111011001100111100 z_check=00011111001100111011001100111100
#        128   z result calculated correct
#        144   status test PASS
#        144  clk=1 status=00100000 a=11101010110000000110110101001110 b=11101110010110100011100000101101 z=10111111100000000111010001110110 z_check=10111111100000000111010001110110
#        144   z result calculated correct
#        160   status test PASS
#        160  clk=1 status=00010010 a=11111110111000011000111111111010 b=11110001010001101111111100000110 z=11111111100000000000000000000000 z_check=11111111100000000000000000000000
#        160   z result calculated correct
#        160   p2 PASS
#        160   p4 PASS
#        176   status test PASS
#        176  clk=1 status=00010010 a=00011111010001111000000000100101 b=00101000000100001101011101100011 z=01111111100000000000000000000000 z_check=01111111100000000000000000000000
#        176   p2 PASS
#        176   p4 PASS
#        192   status test PASS
#        192  clk=1 status=00010010 a=01011100010111001111000110010000 b=10110010111101111110100011011000 z=01111111100000000000000000000000 z_check=01111111100000000000000000000000
#        192   z result calculated correct
#        192   p2 PASS
#        192   p4 PASS
#        208   status test PASS
#        208  clk=1 status=00000000 a=10101101111110110111011110110100 b=10110010100010110001110110010001 z=00000111111000011011111111011101 z_check=00000111111000011011111111011101
#        208   z result calculated correct
#        224   status test PASS
#        224  clk=1 status=00100000 a=00111111001000001100011001111100 b=10010111001010111010110100010110 z=11001111110101011111011000000111 z_check=11001111110101011111011000000111
#        224   z result calculated correct
#        240   status test PASS
#        240  clk=1 status=00000000 a=01001101011100010101000101000111 b=00010110001100111110000101100010 z=00100001000010001010011100001010 z_check=00100001000010001010011100001010
#        240   z result calculated correct
#        256   status test PASS
#        256  clk=1 status=00000000 a=01101010011001000100011111000111 b=01000000011000010000100010011010 z=10010110110101111010001010010010 z_check=10010110110101111010001010010010
#        256   z result calculated correct
#        272   status test PASS
#        272  clk=1 status=00000000 a=11100010101100100011110011111101 b=00011110110100111111110101011100 z=00100100001010011001000001001001 z_check=00100100001010011001000001001001
#        272   z result calculated correct
#        288   status test PASS
#        288  clk=1 status=00000000 a=01000111100111010110001110101100 b=01101101010010100111101010111011 z=01101011010010001010101011000001 z_check=01101011010010001010101011000001
#        288   z result calculated correct
#        304   status test PASS
#        304  clk=1 status=00000000 a=00010010011111001111110111011010 b=11011100010010000011010110100110 z=11000010000100111001100010101011 z_check=11000010000100111001100010101011
#        304   z result calculated correct
#        320   status test PASS
#        320  clk=1 status=00100000 a=10000010101110010010100101000101 b=11010011011010101011110000000001 z=01110101011110001111100000110100 z_check=01110101011110001111100000110100
#        320   z result calculated correct
#        336   status test PASS
#        336  clk=1 status=00000000 a=11111101011100111001111110101110 b=10010111010001011100011011101101 z=10101111010001011101101101010111 z_check=10101111010001011101101101010111
#        336   z result calculated correct
#        352   status test PASS
#        352  clk=1 status=00000000 a=01111110101001101101010100111001 b=10100000001101101110011111100000 z=00010110101010011100011110110100 z_check=00010110101010011100011110110100
#        352   z result calculated correct
#        368   status test PASS
#        368  clk=1 status=00000000 a=00001111001110100111100100010010 b=01001100001000100101000011111010 z=01010101001111000011011100110000 z_check=01010101001111000011011100110000
#        368   z result calculated correct
#        384   status test PASS
#        384  clk=1 status=00000000 a=10111101111011101110101001000110 b=10101000101100010101010011011010 z=11011111011011100110010101100110 z_check=11011111011011100110010101100110
#        384   z result calculated correct
#        400   status test PASS
#        400  clk=1 status=00000000 a=11000100111101011010101111110101 b=10000101101010100101111110011110 z=00011011111011000111011100110011 z_check=00011011111011000111011100110011
#        400   z result calculated correct
#        416   status test PASS
#        416  clk=1 status=00000000 a=00101101001101010010011010111101 b=11001100101101001001101110100011 z=00100111001001010111111100101011 z_check=00100111001001010111111100101011
#        416   z result calculated correct
#        432   status test PASS
#        432  clk=1 status=00000000 a=11010110001101000101000100010011 b=00010010110000110100011101000001 z=00001011001000110111111111110011 z_check=00001011001000110111111111110011
#        432   z result calculated correct
#        448   status test PASS
#        448  clk=1 status=00000000 a=00000000010001000000001101001111 b=01100101011001111000100001000010 z=10111010011111111001101010111101 z_check=10111010011111111001101010111101
#        448   z result calculated correct
#        464   status test PASS
#        464  clk=1 status=00000000 a=10110101111000000110011011100010 b=11011101110010000111101110111011 z=10101001100010011000101111110010 z_check=10101001100010011000101111110010
#        464   z result calculated correct
#        480   status test PASS
#        480  clk=1 status=00000001 a=10010110010100011100101000011100 b=01010100111000101111100110111011 z=00000000000000000000000000000000 z_check=00000000000000000000000000000000
#        480   z result calculated correct
#        480   p1 PASS
#        496   status test PASS
#        496  clk=1 status=00000000 a=00111100011111100010101100010001 b=00111110101111101000000010010110 z=01010100001011111011110011010110 z_check=01010100001011111011110011010110
#        496   z result calculated correct
#        512   status test PASS
#        512  clk=1 status=00000000 a=01110000001101110100010010010011 b=01101010011001110001100011110011 z=10101011101110100000000100010100 z_check=10101011101110100000000100010100
#        512   z result calculated correct
#        528   status test PASS
#        528  clk=1 status=00000000 a=01010011011101111000000011110000 b=01001010010011010111011011111000 z=00111011101111010010001110100001 z_check=00111011101111010010001110100001
#        528   z result calculated correct
#        544   status test PASS
#        544  clk=1 status=00010010 a=11110011000110001010100101010011 b=11111000001111010100010011001001 z=01111111100000000000000000000000 z_check=01111111100000000000000000000000
#        544   z result calculated correct
#        544   p2 PASS
#        544   p4 PASS
#        560   status test PASS
#        560  clk=1 status=00100000 a=10010101111100100001011110011101 b=11101111001111110001001110011001 z=01011110010001101010010101000101 z_check=01011110010001101010010101000101
#        560   z result calculated correct
#        576   status test PASS
#        576  clk=1 status=00010010 a=00110001001000101101111110111100 b=11000001000110010000110011110111 z=01111111100000000000000000000000 z_check=01111111100000000000000000000000
#        576   z result calculated correct
#        576   p2 PASS
#        576   p4 PASS
#        592   status test PASS
#        592  clk=1 status=00000000 a=11011001010111011010000101100011 b=01100111001111111010011100110111 z=01000101101101001011001000100111 z_check=01000101101101001011001000100111
#        592   z result calculated correct
#        608   status test PASS
#        608  clk=1 status=00000000 a=01101010101001100011001101111111 b=01111011011101100100101010001011 z=10110010110000101011111111101110 z_check=10110010110000101011111111101110
#        608   z result calculated correct
#        624   status test PASS
#        624  clk=1 status=00010010 a=01010111000000100000010010011111 b=10101000101000001010101100010000 z=11111111100000000000000000000000 z_check=11111111100000000000000000000000
#        624   z result calculated correct
#        624   p2 PASS
#        624   p4 PASS
#        640   status test PASS
#        640  clk=1 status=00010010 a=00110000000010011101001000011100 b=10001110011101001100111000010111 z=01111111100000000000000000000000 z_check=01111111100000000000000000000000
#        640   z result calculated correct
#        640   p2 PASS
#        640   p4 PASS
#        656   status test PASS
#        656  clk=1 status=00100000 a=10011010100001100111110011110101 b=11101100100101111101000010100011 z=11000000001000110011001110001001 z_check=11000000001000110011001110001001
#        656   z result calculated correct
#        672   status test PASS
#        672  clk=1 status=00001001 a=10111010000011101101000001101001 b=00100101100001001000100000010111 z=10000000000000000000000000000000 z_check=10000000000000000000000000000000
#        672   z result calculated correct
#        672   p1 PASS
#        672   p5 PASS
#        688   status test PASS
#        688  clk=1 status=00000000 a=11100010010111100100100010110111 b=01001010011000000110100101001100 z=01000111100111111000001010011111 z_check=01000111100111111000001010011111
#        688   z result calculated correct
#        704   status test PASS
#        704  clk=1 status=00000000 a=10111110110100110111011001010010 b=11100101001111111000001100011111 z=10100000000100111101111011000011 z_check=10100000000100111101111011000011
#        704   z result calculated correct
#        720   status test PASS
#        720  clk=1 status=00000000 a=10101111011011100011110000100000 b=11111110000011111111001000011101 z=11101101010000101101101100001110 z_check=11101101010000101101101100001110
#        720   z result calculated correct
#        736   status test PASS
#        736  clk=1 status=00000000 a=10011111011101110001000001011110 b=10011010010100111111010001111111 z=01100100100111100011000110010110 z_check=01100100100111100011000110010110
#        736   z result calculated correct
#        752   status test PASS
#        752  clk=1 status=00000000 a=01011001011101111011001000101111 b=00011100000000011110010000110100 z=01101110000001011111010011100110 z_check=01101110000001011111010011100110
#        752   z result calculated correct
#        768   status test PASS
#        768  clk=1 status=00001001 a=10101100101111010001010110101011 b=11100100010111010100000011000100 z=00000000000000000000000000000000 z_check=00000000000000000000000000000000
#        768   z result calculated correct
#        768   p1 PASS
#        768   p5 PASS
#        784   status test PASS
#        784  clk=1 status=00100000 a=01000111010001101001100110101000 b=01100111001000101001111011100001 z=00110101111110110101101100101101 z_check=00110101111110110101101100101101
#        784   z result calculated correct
#        800   status test PASS
#        800  clk=1 status=00000000 a=01100010010110101011011010000000 b=00101111010010010001111111000111 z=01010001101000110110101110001011 z_check=01010001101000110110101110001011
#        800   z result calculated correct
#        816   status test PASS
#        816  clk=1 status=00100000 a=10010101100010000100110001110101 b=01010010110001111010011001110111 z=01101110111111000101000011111011 z_check=01101110111111000101000011111011
#        816   z result calculated correct
#        832   status test PASS
#        832  clk=1 status=00000000 a=01101111111001011101101111111110 b=10010100010011110111101001110000 z=01010010001010111101010001110001 z_check=01010010001010111101010001110001
#        832   z result calculated correct
#        848   status test PASS
#        848  clk=1 status=00000000 a=01001001011010011110001101100111 b=10000100000010000101100110011110 z=10101000110101001001100000100000 z_check=10101000110101001001100000100000
#        848   z result calculated correct
#        864   status test PASS
#        864  clk=1 status=00000000 a=00101110111001001011101000101110 b=00011111101110101001100111111000 z=11000100101110100100101011010010 z_check=11000100101110100100101011010010
#        864   z result calculated correct
#        880   status test PASS
#        880  clk=1 status=00100000 a=00110100101001111000010010101010 b=11111010110000001110100100101011 z=10001101111110010010010101011110 z_check=10001101111110010010010101011110
#        880   z result calculated correct
#        896   status test PASS
#        896  clk=1 status=00100000 a=00010111011111011001111000011011 b=01000001101101111110001100100101 z=00001111001001101011100011010110 z_check=00001111001001101011100011010110
#        896   z result calculated correct
#        912   status test PASS
#        912  clk=1 status=00000000 a=11010110001110000011011100111110 b=11011001111000100011000000110111 z=11101111111111000111100000100111 z_check=11101111111111000111100000100111
#        912   z result calculated correct
#        928   status test PASS
#        928  clk=1 status=00000000 a=11110001001001110010111110111010 b=01110101000111101100000111011111 z=00011001101101100010110100001101 z_check=00011001101101100010110100001101
#        928   z result calculated correct
#        944   status test PASS
#        944  clk=1 status=00000000 a=11000100000001101001010101010010 b=10101010000000010001111000110111 z=01110000101000101100001101110111 z_check=01110000101000101100001101110111
#        944   z result calculated correct
#        960   status test PASS
#        960  clk=1 status=00010010 a=11001001100111010101101110000011 b=10100110010110010010110100100000 z=11111111100000000000000000000000 z_check=11111111100000000000000000000000
#        960   z result calculated correct
#        960   p2 PASS
#        960   p4 PASS
#        976   status test PASS
#        976  clk=1 status=00100000 a=11000011001111101001010010001111 b=01011100000101001101110110000010 z=00101110100001111100001001000001 z_check=00101110100001111100001001000001
#        976   z result calculated correct
#        992   status test PASS
#        992  clk=1 status=00000000 a=10100000001011011110101000010011 b=01010001011011111000011010001110 z=00110000100001010111111001001111 z_check=00110000100001010111111001001111
#        992   z result calculated correct
#       1008   status test PASS
#       1008  clk=1 status=00100000 a=10000100011111000110101111101010 b=00100110111000100101110111011111 z=11011111110111011010010110010011 z_check=11011111110111011010010110010011
#       1008   z result calculated correct
#       1024   status test PASS
#       1024  clk=1 status=00000000 a=11101011001110011100000100101101 b=01110110111100000001111001100111 z=10110010001000101011100011110001 z_check=10110010001000101011100011110001
#       1024   z result calculated correct
#       1040   status test PASS
#       1040  clk=1 status=00001001 a=10100110100011100011111111001001 b=11010100011110011010011010001011 z=10000000000000000000000000000000 z_check=10000000000000000000000000000000
#       1040   z result calculated correct
#       1040   p1 PASS
#       1040   p5 PASS
#       1056   status test PASS
#       1056  clk=1 status=00010010 a=00111101110001100001110000011000 b=01010110001000010111001110010001 z=11111111100000000000000000000000 z_check=11111111100000000000000000000000
#       1056   z result calculated correct
#       1056   p4 PASS
#       1056   p2 PASS
#       1072   status test PASS
#       1072  clk=1 status=00000000 a=11010101110100101011011001000101 b=10001111001000010010000100110010 z=00111011100010101011100010010101 z_check=00111011100010101011100010010101
#       1072   z result calculated correct
#       1088   status test PASS
#       1088  clk=1 status=00000000 a=00010111101100011110101001111100 b=10100101111000101110100000110100 z=01010100011110011110001000110100 z_check=01010100011110011110001000110100
#       1088   z result calculated correct
#       1104   status test PASS
#       1104  clk=1 status=00000000 a=11001111111011100100010001001010 b=01011001111001000000110010011111 z=00100101100001001001111111110100 z_check=00100101100001001001111111110100
#       1104   z result calculated correct
#       1120   status test PASS
#       1120  clk=1 status=00001001 a=10000011100010011110100001010110 b=00110111011011100101110111010011 z=10000000000000000000000000000000 z_check=10000000000000000000000000000000
#       1120   z result calculated correct
#       1120   p1 PASS
#       1120   p5 PASS
#       1136   status test PASS
#       1136  clk=1 status=00000000 a=01001101111110111101110011000101 b=11111101001111110011111011110011 z=11101010010101000100000010010001 z_check=11101010010101000100000010010001
#       1136   z result calculated correct
#       1152   status test PASS
#       1152  clk=1 status=00001001 a=11101011000001110000101011100000 b=10001101101111001001111010010101 z=10000000000000000000000000000000 z_check=10000000000000000000000000000000
#       1152   z result calculated correct
#       1152   p1 PASS
#       1152   p5 PASS
#       1168   status test PASS
#       1168  clk=1 status=00010010 a=00001111011111011000111101000000 b=01110111101001010001111111011110 z=11111111100000000000000000000000 z_check=11111111100000000000000000000000
#       1168   z result calculated correct
#       1168   p4 PASS
#       1168   p2 PASS
#       1184   status test PASS
#       1184  clk=1 status=00000000 a=01110110000111010111101011011101 b=00100001100100001010011011100001 z=00111001010001101111111101001000 z_check=00111001010001101111111101001000
#       1184   z result calculated correct
#       1200   status test PASS
#       1200  clk=1 status=00100000 a=00010000000000110100110100100000 b=01011000010111010001110000011111 z=01000111101000111000110011100100 z_check=01000111101000111000110011100100
#       1200   z result calculated correct
#       1216   status test PASS
#       1216  clk=1 status=00000000 a=11001000101111001000110100101100 b=01111011101110101110001001100000 z=01011000001100011111011110001001 z_check=01011000001100011111011110001001
#       1216   z result calculated correct
#       1232   status test PASS
#       1232  clk=1 status=00000000 a=01001111100110100110111101011000 b=10010110011110000001010011110111 z=00101000111000101101000000000010 z_check=00101000111000101101000000000010
#       1232   z result calculated correct
#       1248   status test PASS
#       1248  clk=1 status=00010010 a=10101000000000100110101101001111 b=10011000110101000010011000011010 z=11111111100000000000000000000000 z_check=11111111100000000000000000000000
#       1248   z result calculated correct
#       1248   p2 PASS
#       1248   p4 PASS
#       1264   status test PASS
#       1264  clk=1 status=00000000 a=00100111011011010001110110100100 b=11010111000000101110001010101001 z=10100110100101011010100010000011 z_check=10100110100101011010100010000011
#       1264   z result calculated correct
#       1280   status test PASS
#       1280  clk=1 status=00100000 a=11000000011111010001011000100011 b=11010111100110010100100011100100 z=00000001010110000010100010001101 z_check=00000001010110000010100010001101
#       1280   z result calculated correct
#       1296   status test PASS
#       1296  clk=1 status=00000000 a=00000100110010101110101111011101 b=01000110010011111000001010110101 z=10111110111100100111010111111100 z_check=10111110111100100111010111111100
#       1296   z result calculated correct
#       1312   status test PASS
#       1312  clk=1 status=00000000 a=00101110101001101110111110000000 b=10011000110110111110000100110011 z=01011000100101111000101001001011 z_check=01011000100101111000101001001011
#       1312   z result calculated correct
#       1328   status test PASS
#       1328  clk=1 status=00000000 a=11001000011011011101000101000110 b=11110011011100110011000000001101 z=00001011101001000111110001010011 z_check=00001011101001000111110001010011
#       1328   z result calculated correct
#       1344   status test PASS
#       1344  clk=1 status=00100000 a=10011101001100110001111100000101 b=11110000100000011010100110011011 z=10001000000011110110000110111100 z_check=10001000000011110110000110111100
#       1344   z result calculated correct
#       1360   status test PASS
#       1360  clk=1 status=00000000 a=01011111011110000001010101010110 b=01000110010110001101010101101000 z=01111100011000011110101001001001 z_check=01111100011000011110101001001001
#       1360   z result calculated correct
#       1376   status test PASS
#       1376  clk=1 status=00000000 a=00110010111000000010110010000100 b=00011010001010100011001100111010 z=01001110001101010111001010011011 z_check=01001110001101010111001010011011
#       1376   z result calculated correct
#       1392   status test PASS
#       1392  clk=1 status=00100000 a=11001101010001010000111001101111 b=00100100100001100111100011000011 z=01100110010100100010000011001111 z_check=01100110010100100010000011001111
#       1392   z result calculated correct
#       1408   status test PASS
#       1408  clk=1 status=00100000 a=01000011101100101100110010001010 b=11010110100101001011111110000101 z=00001101100101010000101001101011 z_check=00001101100101010000101001101011
#       1408   z result calculated correct
#       1424   status test PASS
#       1424  clk=1 status=00000000 a=00111011101001001001011001101100 b=00011101011110011101110100011000 z=10110010010011110000010100000110 z_check=10110010010011110000010100000110
#       1424   z result calculated correct
#       1440   status test PASS
#       1440  clk=1 status=00000000 a=00111110100101010011101110100111 b=00100101100010000000110100010101 z=11011010110011111100100000000111 z_check=11011010110011111100100000000111
#       1440   z result calculated correct
#       1456   status test PASS
#       1456  clk=1 status=00100000 a=00110001011000010001010001110110 b=00110011000110101101111111011111 z=00011001101000001010010001110100 z_check=00011001101000001010010001110100
#       1456   z result calculated correct
#       1472   status test PASS
#       1472  clk=1 status=00000000 a=01100110010100001110011111100101 b=10011110001000101000100111000011 z=00100100100111101001111010100010 z_check=00100100100111101001111010100010
#       1472   z result calculated correct
#       1488   status test PASS
#       1488  clk=1 status=00000000 a=11111010110001111100001100000111 b=10011110001110001110111001111011 z=00100101000010000010101100100100 z_check=00100101000010000010101100100100
#       1488   z result calculated correct
#       1504   status test PASS
#       1504  clk=1 status=00000000 a=11101000011100010011001000000001 b=10011011100100110001100100010010 z=11000101000001001010001100101010 z_check=11000101000001001010001100101010
#       1504   z result calculated correct
#       1520   status test PASS
#       1520  clk=1 status=00000000 a=01101001000011000011001000101111 b=11101000000011001010110100000010 z=01011001100100000100111001000100 z_check=01011001100100000100111001000100
#       1520   z result calculated correct
#       1536   status test PASS
#       1536  clk=1 status=00000000 a=10001000010000001001100011010101 b=01011011111101000000000001111101 z=01000100100010101001011101010101 z_check=01000100100010101001011101010101
#       1536   z result calculated correct
#       1552   status test PASS
#       1552  clk=1 status=00010010 a=11110000111100101000111001111010 b=00010001110011000101010000100011 z=11111111100000000000000000000000 z_check=11111111100000000000000000000000
#       1552   z result calculated correct
#       1552   p2 PASS
#       1552   p4 PASS
#       1568   status test PASS
#       1568  clk=1 status=00000000 a=00010000100011010001011011111101 b=01011111000010100110111010010001 z=10100100101101111001001000001001 z_check=10100100101101111001001000001001
#       1568   z result calculated correct
#       1584   status test PASS
#       1584  clk=1 status=00000000 a=10000110101010011000000100010110 b=10010001111000111011001100111111 z=11000011010000011001100101000001 z_check=11000011010000011001100101000001
#       1584   z result calculated correct
#       1600   status test PASS
#       1600  clk=1 status=00000000 a=10001100110011011000011011111101 b=10111000010100101100001111010111 z=00110000000110001001011010101000 z_check=00110000000110001001011010101000
#       1600   z result calculated correct
#       1616   status test PASS
#       1616  clk=1 status=00001001 a=01101010011001000101100101101000 b=11101100001110100010010100011011 z=00000000000000000000000000000000 z_check=00000000000000000000000000000000
#       1616   z result calculated correct
#       1616   p1 PASS
#       1616   p5 PASS
#       1632   status test PASS
#       1632  clk=1 status=00000000 a=11011011011001011010111011101010 b=00000101000100110100011011100011 z=00000101101010010011010111110110 z_check=00000101101010010011010111110110
#       1632   z result calculated correct
#       1648   status test PASS
#       1648  clk=1 status=00010010 a=10000100110111111011100111000110 b=11010000011001000100001000001000 z=11111111100000000000000000000000 z_check=11111111100000000000000000000000
#       1648   z result calculated correct
#       1648   p2 PASS
#       1648   p4 PASS
#       1664   status test PASS
#       1664  clk=1 status=00000000 a=11001110011011100100000110011100 b=00001111111011111101100100011010 z=10100001000001000010001100001010 z_check=10100001000001000010001100001010
#       1664   z result calculated correct
#       1680   status test PASS
#       1680  clk=1 status=00100000 a=11011011101100010110110100000001 b=11001110011110110010010010000101 z=00010101110001110111101100101001 z_check=00010101110001110111101100101001
#       1680   z result calculated correct
#       1696   status test PASS
#       1696  clk=1 status=00100000 a=01000101110111011101111100010011 b=01100110001011111011101011001000 z=10011110110111110011100101001110 z_check=10011110110111110011100101001110
#       1696   z result calculated correct
#       1712   status test PASS
#       1712  clk=1 status=00000000 a=00001110101111110110001110110101 b=00000001000111110011100111111100 z=01101010101011100000111100101111 z_check=01101010101011100000111100101111
#       1712   z result calculated correct
#       1728   status test PASS
#       1728  clk=1 status=00100000 a=11101100011110111000101110010001 b=10011011000101001111110101110010 z=01101100100110000100110101011111 z_check=01101100100110000100110101011111
#       1728   z result calculated correct
#       1744   status test PASS
#       1744  clk=1 status=00001001 a=01011000000011110000000110011011 b=11100111111011010011100011101011 z=00000000000000000000000000000000 z_check=00000000000000000000000000000000
#       1744   z result calculated correct
#       1744   p1 PASS
#       1744   p5 PASS
#       1760   status test PASS
#       1760  clk=1 status=00000000 a=00100000111110111100110101110101 b=01011011010111000000101000100000 z=01001000000100100110010110111001 z_check=01001000000100100110010110111001
#       1760   z result calculated correct
#       1776   status test PASS
#       1776  clk=1 status=00010010 a=10011011011000000011000010111110 b=00011100011110000111111010100100 z=11111111100000000000000000000000 z_check=11111111100000000000000000000000
#       1776   z result calculated correct
#       1776   p2 PASS
#       1776   p4 PASS
#       1792   status test PASS
#       1792  clk=1 status=00100000 a=01000101110011010110101101000101 b=11011011111011011111001011000001 z=00111100110110000110111010000110 z_check=00111100110110000110111010000110
#       1792   z result calculated correct
#       1808   status test PASS
#       1808  clk=1 status=00001001 a=10110000000011110010000111010000 b=11000000000110011001111101111000 z=10000000000000000000000000000000 z_check=10000000000000000000000000000000
#       1808   z result calculated correct
#       1808   p1 PASS
#       1808   p5 PASS
#       1824   status test PASS
#       1824  clk=1 status=00000000 a=10010010000111110001011110010001 b=01000001110110111000011100100111 z=11100010001111101110111100011001 z_check=11100010001111101110111100011001
#       1824   z result calculated correct
#       1840   status test PASS
#       1840  clk=1 status=00000000 a=11011000011111100000001101011011 b=11011110111011100101110111111010 z=00110000101010111100100010111101 z_check=00110000101010111100100010111101
#       1840   z result calculated correct
#       1856   status test PASS
#       1856  clk=1 status=00000000 a=10101110110110111010011101001111 b=00010010100011100100100000110001 z=10010100100010000110110100100111 z_check=10010100100010000110110100100111
#       1856   z result calculated correct
#       1872   status test PASS
#       1872  clk=1 status=00000000 a=00111000010101111010001111000100 b=00101010011011101001100101110001 z=01110111111011001000010001011110 z_check=01110111111011001000010001011110
#       1872   z result calculated correct
#       1888   status test PASS
#       1888  clk=1 status=00000000 a=01001010100111001111110000011000 b=10000111000110010101111010010001 z=10000001111101000010100101111110 z_check=10000001111101000010100101111110
#       1888   z result calculated correct
#       1904   status test PASS
#       1904  clk=1 status=00100000 a=10101010101001010010011110010110 b=00111110111000100000101011101010 z=00100011010010001111101110000000 z_check=00100011010010001111101110000000
#       1904   z result calculated correct
#       1920   status test PASS
#       1920  clk=1 status=00000000 a=00010100111000100101110000001010 b=00110101110100100101111010000010 z=10010010001111000001100101010000 z_check=10010010001111000001100101010000
#       1920   z result calculated correct
#       1936   status test PASS
#       1936  clk=1 status=00000000 a=11100011110101110111010010010101 b=10111011010000000100011111011000 z=10101010000100011101001111111101 z_check=10101010000100011101001111111101
#       1936   z result calculated correct
#       1952   status test PASS
#       1952  clk=1 status=00000000 a=00011011001001001000110111010100 b=00100000001111001000001110100110 z=00001011001110100000001100010001 z_check=00001011001110100000001100010001
#       1952   z result calculated correct
#       1968   status test PASS
#       1968  clk=1 status=00000000 a=11001001011000000011111101011110 b=10101010110100011000110101110000 z=01011111101000011101001111100111 z_check=01011111101000011101001111100111
#       1968   z result calculated correct
#       1984   status test PASS
#       1984  clk=1 status=00001001 a=01011111001010010001001010001000 b=11001000001111000101000111111101 z=00000000000000000000000000000000 z_check=00000000000000000000000000000000
#       1984   z result calculated correct
#       1984   p1 PASS
#       1984   p5 PASS
#       2000   status test PASS
#       2000  clk=1 status=00000000 a=10001110001011111111000001001011 b=10111100111001011011110010000000 z=00110100101101111000111110100001 z_check=00110100101101111000111110100001
#       2000   z result calculated correct
#       2016   status test PASS
#       2016  clk=1 status=00000000 a=00001010000100001001010000010111 b=01000001011111100010100100000111 z=11100111111110001011111110000100 z_check=11100111111110001011111110000100
#       2016   z result calculated correct
#       2032   status test PASS
#       2032  clk=1 status=00000000 a=01000000101111010001011100010001 b=00000101010100111010011011111110 z=00001011100111011110001110000000 z_check=00001011100111011110001110000000
#       2032   z result calculated correct
#       2048   status test PASS
#       2048  clk=1 status=00000000 a=10110101100100000111100100101000 b=01101110111011111110000110011110 z=00001100000011111000101000011010 z_check=00001100000011111000101000011010
#       2048   z result calculated correct
#       2064   status test PASS
#       2064  clk=1 status=00000000 a=10010101100101110100000111111001 b=10001001011001110011000111100100 z=00000110100111000101010101011100 z_check=00000110100111000101010101011100
#       2064   z result calculated correct
#       2080   status test PASS
#       2080  clk=1 status=00000000 a=10000011000110101000100110110101 b=01110111001011010111101110110010 z=11100101000001110110000001110000 z_check=11100101000001110110000001110000
#       2080   z result calculated correct
#       2096   status test PASS
#       2096  clk=1 status=00001001 a=00010011101101000110100100111011 b=01011111011110111110110000100001 z=00000000000000000000000000000000 z_check=00000000000000000000000000000000
#       2096   z result calculated correct
#       2096   p1 PASS
#       2096   p5 PASS
#       2112   status test PASS
#       2112  clk=1 status=00000000 a=01100101111010100111101001011000 b=11101100011011011010010001001011 z=10111010110100010111001101110110 z_check=10111010110100010111001101110110
#       2112   z result calculated correct
#       2128   status test PASS
#       2128  clk=1 status=00000000 a=11101011001111111011011010010111 b=01100001101111110010011010011100 z=00110011101100011000100110010101 z_check=00110011101100011000100110010101
#       2128   z result calculated correct
#       2144   status test PASS
#       2144  clk=1 status=00010010 a=00110011110000001100110000111010 b=00110110101111000100101100010101 z=11111111100000000000000000000000 z_check=11111111100000000000000000000000
#       2144   p2 PASS
#       2144   p4 PASS
#       2160   status test PASS
#       2160  clk=1 status=00010010 a=01111111111111000010010000001110 b=10101001111010100111001101000011 z=11111111100000000000000000000000 z_check=11111111100000000000000000000000
#       2160   z result calculated correct
#       2160   p2 PASS
#       2160   p4 PASS
#       2176   status test PASS
#       2176  clk=1 status=00000000 a=10100111000010110011110000011101 b=10010110101011010000011011000010 z=00101011000011011100111010000110 z_check=00101011000011011100111010000110
#       2176   z result calculated correct
#       2192   status test PASS
#       2192  clk=1 status=00000010 a=11101111011011011101110101111001 b=10100010010101101001010111110111 z=11111111100000000000000000000000 z_check=11111111100000000000000000000000
#       2192   z result calculated correct
#       2192   p2 PASS
#       2208   status test PASS
#       2208  clk=1 status=00001001 a=10000001000001100101001110000001 b=10101001001001101010100111001000 z=00000000000000000000000000000000 z_check=00000000000000000000000000000000
#       2208   z result calculated correct
#       2208   p5 PASS
#       2208   p1 PASS
#       2224   status test PASS
#       2224  clk=1 status=00000000 a=10001001111001111101010100110010 b=10111111001111010101000110111001 z=01010010010001110110001001111011 z_check=01010010010001110110001001111011
#       2224   z result calculated correct
#       2240   status test PASS
#       2240  clk=1 status=00001001 a=11110000011101101000000000110110 b=11111100011100100110001001011100 z=00000000000000000000000000000000 z_check=00000000000000000000000000000000
#       2240   z result calculated correct
#       2240   p1 PASS
#       2240   p5 PASS
#       2256   status test PASS
#       2256  clk=1 status=00000000 a=11001011010111010001010101010000 b=11010101010000001111000000010011 z=00001001101010110111001001101000 z_check=00001001101010110111001001101000
#       2256   z result calculated correct
#       2272   status test PASS
#       2272  clk=1 status=00010010 a=01010100101000010010110111101110 b=11000111001111011100001111111101 z=01111111100000000000000000000000 z_check=01111111100000000000000000000000
#       2272   z result calculated correct
#       2272   p2 PASS
#       2272   p4 PASS
#       2288   status test PASS
#       2288  clk=1 status=00100000 a=11111101010110100101111001111100 b=01100000111010100100100101001111 z=01100001001001101001111101010000 z_check=01100001001001101001111101010000
#       2288   z result calculated correct
#       2304   status test PASS
#       2304  clk=1 status=00000000 a=01101110011111100100111010101001 b=11100010011011111100010111100100 z=11011100011011101111010010011100 z_check=11011100011011101111010010011100
#       2304   z result calculated correct
#       2320   status test PASS
#       2320  clk=1 status=00010010 a=10000000000001010111111111110011 b=10000000111001110011000101001001 z=11111111100000000000000000000000 z_check=11111111100000000000000000000000
#       2320   p2 PASS
#       2320   p4 PASS
#       2336   status test PASS
#       2336  clk=1 status=00010010 a=01110011011100110000001010101101 b=10110110100010111100010010010011 z=11111111100000000000000000000000 z_check=11111111100000000000000000000000
#       2336   z result calculated correct
#       2336   p2 PASS
#       2336   p4 PASS
#       2352   status test PASS
#       2352  clk=1 status=00000001 a=00011000101100101101111111001100 b=10101010111010010001001100100000 z=00000000000000000000000000000000 z_check=00000000000000000000000000000000
#       2352   z result calculated correct
#       2352   p1 PASS
#       2368   status test PASS
#       2368  clk=1 status=00000000 a=00110110011000101010000011011110 b=10011100110000011101110000111111 z=11101010100001001010110100001110 z_check=11101010100001001010110100001110
#       2368   z result calculated correct
#       2384   status test PASS
#       2384  clk=1 status=00000000 a=11110011000010011101100101001000 b=10101111110111100000101111001010 z=10000100001000101101101100001110 z_check=10000100001000101101101100001110
#       2384   z result calculated correct
#       2400   status test PASS
#       2400  clk=1 status=00000000 a=11001111010100100011111101001110 b=11110110100001110010110101001011 z=10010011101010111001111001000001 z_check=10010011101010111001111001000001
#       2400   z result calculated correct
#       2416   status test PASS
#       2416  clk=1 status=00100000 a=11101101000000000100001110010010 b=01001101011111010100110001011000 z=01100011011011110010000110001011 z_check=01100011011011110010000110001011
#       2416   z result calculated correct
#       2432   status test PASS
#       2432  clk=1 status=00010010 a=00101010010111010010000011010011 b=00001100110111000111101110001110 z=01111111100000000000000000000000 z_check=01111111100000000000000000000000
#       2432   z result calculated correct
#       2432   p2 PASS
#       2432   p4 PASS
#       2448   status test PASS
#       2448  clk=1 status=00000000 a=11001110101000010100110001100111 b=11100011010110010000010100100111 z=11111010111111011101001000001111 z_check=11111010111111011101001000001111
#       2448   z result calculated correct
#       2464   status test PASS
#       2464  clk=1 status=00001001 a=10101111100010100101000011101111 b=11110110001111111010010010000111 z=00000000000000000000000000000000 z_check=00000000000000000000000000000000
#       2464   z result calculated correct
#       2464   p1 PASS
#       2464   p5 PASS
#       2480   status test PASS
#       2480  clk=1 status=00000000 a=01111011101011010000111100100101 b=00001010100001011110011110111001 z=01110010100010001011110100000010 z_check=01110010100010001011110100000010
#       2480   z result calculated correct
#       2496   status test PASS
#       2496  clk=1 status=00000000 a=11101100110101101010011010001110 b=11101100011101011011001011010100 z=01100110010011110001011010001110 z_check=01100110010011110001011010001110
#       2496   z result calculated correct
#       2512   status test PASS
#       2512  clk=1 status=00000000 a=00010100001011010000101110010100 b=01111100010101110101111111111100 z=01000110101101010000101100001000 z_check=01000110101101010000101100001000
#       2512   z result calculated correct
#       2528   status test PASS
#       2528  clk=1 status=00010010 a=00010111111011101011010101101101 b=00100111100000110001011000101111 z=01111111100000000000000000000000 z_check=01111111100000000000000000000000
#       2528   z result calculated correct
#       2528   p2 PASS
#       2528   p4 PASS
#       2544   status test PASS
#       2544  clk=1 status=00000000 a=10001111100110110000011100000010 b=11011010001100011110011000110010 z=01010001000100011001010110011011 z_check=01010001000100011001010110011011
#       2544   z result calculated correct
#       2560   status test PASS
#       2560  clk=1 status=00001001 a=01010011010101001011000010100000 b=11010110100000001111011101101100 z=00000000000000000000000000000000 z_check=00000000000000000000000000000000
#       2560   z result calculated correct
#       2560   p1 PASS
#       2560   p5 PASS
#       2576   status test PASS
#       2576  clk=1 status=00000000 a=00000111110101110101011010110001 b=01000110010010010110101110101100 z=00101010010101110111011001111110 z_check=00101010010101110111011001111110
#       2576   z result calculated correct
#       2592   status test PASS
#       2592  clk=1 status=00100000 a=00011110011010110001011110111100 b=10110100000111011100010101101111 z=11101010010101100100101111000000 z_check=11101010010101100100101111000000
#       2592   z result calculated correct
#       2608   status test PASS
#       2608  clk=1 status=00000000 a=11001110011001010010111010110001 b=10000010100111010011111100111110 z=00001110101010010110110110100011 z_check=00001110101010010110110110100011
#       2608   z result calculated correct
#       2624   status test PASS
#       2624  clk=1 status=00100000 a=01000110000010110110001000001100 b=11110010000110001101001100011011 z=10010011000100001110001011011101 z_check=10010011000100001110001011011101
#       2624   z result calculated correct
#       2640   status test PASS
#       2640  clk=1 status=00000000 a=11110110010111100000000010111001 b=01111001011111000101111011110000 z=00010001100011001100011001000001 z_check=00010001100011001100011001000001
#       2640   z result calculated correct
#       2656   status test PASS
#       2656  clk=1 status=00100000 a=10101011011111100101011110000101 b=01101111010000101110110010000001 z=11111000101001100110101001001111 z_check=11111000101001100110101001001111
#       2656   z result calculated correct
#       2672   status test PASS
#       2672  clk=1 status=00010010 a=10101001100100010100100011101111 b=10001010001000111000111001001100 z=11111111100000000000000000000000 z_check=11111111100000000000000000000000
#       2672   z result calculated correct
#       2672   p2 PASS
#       2672   p4 PASS
#       2688   status test PASS
#       2688  clk=1 status=00000000 a=10011110110101000000100110110111 b=00001011100011111100100010000001 z=11011011010000011010100101001100 z_check=11011011010000011010100101001100
#       2688   z result calculated correct
#       2704   status test PASS
#       2704  clk=1 status=00001001 a=01110011001111010010110110010110 b=00001000010001000001011000111101 z=00000000000000000000000000000000 z_check=00000000000000000000000000000000
#       2704   z result calculated correct
#       2704   p1 PASS
#       2704   p5 PASS
#       2720   status test PASS
#       2720  clk=1 status=00001001 a=01000110000110100000111000110011 b=01110100000100101111011010100001 z=10000000000000000000000000000000 z_check=10000000000000000000000000000000
#       2720   z result calculated correct
#       2720   p1 PASS
#       2720   p5 PASS
#       2736   status test PASS
#       2736  clk=1 status=00000000 a=00001111011111000000011001100010 b=01011011010000000001110010010000 z=00111100000100001110011101010110 z_check=00111100000100001110011101010110
#       2736   z result calculated correct
#       2752   status test PASS
#       2752  clk=1 status=00000000 a=01101000111011001111011010010011 b=11110001010000101101100100110100 z=01111010101100001110000100000111 z_check=01111010101100001110000100000111
#       2752   z result calculated correct
#       2768   status test PASS
#       2768  clk=1 status=00000000 a=00101101100101110100111111100010 b=10101101000011110011000000100010 z=00101011001111010010000011101000 z_check=00101011001111010010000011101000
#       2768   z result calculated correct
#       2784   status test PASS
#       2784  clk=1 status=00010010 a=01100110001010011100001000110110 b=11010000110001111011000101100010 z=11111111100000000000000000000000 z_check=11111111100000000000000000000000
#       2784   z result calculated correct
#       2784   p2 PASS
#       2784   p4 PASS
#       2800   status test PASS
#       2800  clk=1 status=00000000 a=01111011000100100011000110111100 b=11110011101001100111011011101001 z=10011011001010010100010000100101 z_check=10011011001010010100010000100101
#       2800   z result calculated correct
#       2816   status test PASS
#       2816  clk=1 status=00100000 a=00000110101011111010100010000101 b=11111100110110110011001000011010 z=11110111100001000110101110011000 z_check=11110111100001000110101110011000
#       2816   z result calculated correct
#       2832   status test PASS
#       2832  clk=1 status=00010010 a=10111001000011100100101000101111 b=01011000000010101000000111100110 z=11111111100000000000000000000000 z_check=11111111100000000000000000000000
#       2832   z result calculated correct
#       2832   p2 PASS
#       2832   p4 PASS
#       2848   status test PASS
#       2848  clk=1 status=00000000 a=00001110001010000000011001100011 b=00010000011111100001110111011101 z=11000100000101100110011110001011 z_check=11000100000101100110011110001011
#       2848   z result calculated correct
#       2864   status test PASS
#       2864  clk=1 status=00100000 a=01010100010001001110101101010110 b=00001000000100111110110001111100 z=11010001100110011111100001100001 z_check=11010001100110011111100001100001
#       2864   z result calculated correct
#       2880   status test PASS
#       2880  clk=1 status=00001001 a=01101011011110110101101110000111 b=01110000001010000011111100111001 z=00000000000000000000000000000000 z_check=00000000000000000000000000000000
#       2880   z result calculated correct
#       2880   p1 PASS
#       2880   p5 PASS
#       2896   status test PASS
#       2896  clk=1 status=00100000 a=11100000111110010001001110011101 b=00000111111111011110001001111000 z=00011100111000111001001000010101 z_check=00011100111000111001001000010101
#       2896   z result calculated correct
#       2912   status test PASS
#       2912  clk=1 status=00010010 a=11011000011100101000100100100111 b=00110010010110011000111000111110 z=01111111100000000000000000000000 z_check=01111111100000000000000000000000
#       2912   z result calculated correct
#       2912   p2 PASS
#       2912   p4 PASS
#       2928   status test PASS
#       2928  clk=1 status=00100000 a=01111010111101000101000010100100 b=10000011100010100111001011010110 z=10101001011101110000010010111010 z_check=10101001011101110000010010111010
#       2928   z result calculated correct
#       2944   status test PASS
#       2944  clk=1 status=00000000 a=00110000001001111100110111101110 b=00111101000111000101000111000001 z=11001011010011100001110100000101 z_check=11001011010011100001110100000101
#       2944   z result calculated correct
#       2960   status test PASS
#       2960  clk=1 status=00000000 a=11111010100010101001010101100110 b=11001001001010110111000100101110 z=10111111000001000010000100010001 z_check=10111111000001000010000100010001
#       2960   z result calculated correct
#       2976   status test PASS
#       2976  clk=1 status=00100000 a=01001110100011101110000000110100 b=01010110110001001111000010010100 z=00101101110011001110111000100111 z_check=00101101110011001110111000100111
#       2976   z result calculated correct
#       2992   status test PASS
#       2992  clk=1 status=00010010 a=11111010110000000000010100111010 b=10011011111111111101000000111011 z=01111111100000000000000000000000 z_check=01111111100000000000000000000000
#       2992   z result calculated correct
#       2992   p2 PASS
#       2992   p4 PASS
#       3008   status test PASS
#       3008  clk=1 status=00100000 a=01111111001000111100101011100111 b=11101101110000011001011000110011 z=01100101110110111101001111011001 z_check=01100101110110111101001111011001
#       3008   z result calculated correct
#       3024   status test PASS
#       3024  clk=1 status=00000000 a=10111000000000011000110010001101 b=10100010110010001001111010110010 z=01010111001111111110000101100101 z_check=01010111001111111110000101100101
#       3024   z result calculated correct
#       3040   status test PASS
#       3040  clk=1 status=00010010 a=00011100101100101010111011111001 b=11000010101011011110000110001011 z=11111111100000000000000000000000 z_check=11111111100000000000000000000000
#       3040   z result calculated correct
#       3040   p2 PASS
#       3040   p4 PASS
#       3056   status test PASS
#       3056  clk=1 status=00000000 a=01010111010001101001001010010010 b=11000100111100000111010100011000 z=00011011010010110000110000111010 z_check=00011011010010110000110000111010
#       3056   z result calculated correct
#       3072   status test PASS
#       3072  clk=1 status=00000000 a=10010001110101111011000110110000 b=11111011101011011101100100110001 z=10011111111100101011101101010110 z_check=10011111111100101011101101010110
#       3072   z result calculated correct
#       3088   status test PASS
#       3088  clk=1 status=00100000 a=11100001111000011111111010100011 b=01011111110100111111010000001100 z=11011100101110101000010000111100 z_check=11011100101110101000010000111100
#       3088   z result calculated correct
#       3104   status test PASS
#       3104  clk=1 status=00000000 a=00000110110011011010100111101101 b=01010011100100011100101000101001 z=01001110000100100111101000010011 z_check=01001110000100100111101000010011
#       3104   z result calculated correct
#       3120   status test PASS
#       3120  clk=1 status=00010010 a=10000111000111011010011001101110 b=11011000100010011000001000110110 z=11111111100000000000000000000000 z_check=11111111100000000000000000000000
#       3120   z result calculated correct
#       3120   p2 PASS
#       3120   p4 PASS
#       3136   status test PASS
#       3136  clk=1 status=00000000 a=10110100101001000100111010001001 b=00000011010101101000110111100001 z=00011010111010100011111101010001 z_check=00011010111010100011111101010001
#       3136   z result calculated correct
#       3152   status test PASS
#       3152  clk=1 status=00100000 a=11110001000101000000110111101111 b=11100110110110110101100110100011 z=00100000001010010101110010000001 z_check=00100000001010010101110010000001
#       3152   z result calculated correct
#       3168   status test PASS
#       3168  clk=1 status=00001001 a=00111100000100010010011000100001 b=10010110011010111100000101110101 z=10000000000000000000000000000000 z_check=10000000000000000000000000000000
#       3168   z result calculated correct
#       3168   p1 PASS
#       3168   p5 PASS
#       3184   status test PASS
#       3184  clk=1 status=00010010 a=10100111111010011111101110100000 b=10101110110110100011010001100111 z=01111111100000000000000000000000 z_check=01111111100000000000000000000000
#       3184   z result calculated correct
#       3184   p4 PASS
#       3184   p2 PASS
#       3200   status test PASS
#       3200  clk=1 status=00000000 a=10101110101001100101101000000101 b=00000010001100100110001100011111 z=10010011000001011010101110110000 z_check=10010011000001011010101110110000
#       3200   z result calculated correct
#       3216   status test PASS
#       3216  clk=1 status=00000000 a=00000011010010110101011100101100 b=01101011110011011000100011011011 z=00010111010001110111000000101100 z_check=00010111010001110111000000101100
#       3216   z result calculated correct
#       3232   status test PASS
#       3232  clk=1 status=00001001 a=10000011111010110001111010011000 b=10110101111110110110100111110000 z=10000000000000000000000000000000 z_check=10000000000000000000000000000000
#       3232   z result calculated correct
#       3232   p1 PASS
#       3232   p5 PASS
#       3248   status test PASS
#       3248  clk=1 status=00100000 a=10011011000001110010110000001001 b=01110100011100111011100101100010 z=00101111101000110100000110000010 z_check=00101111101000110100000110000010
#       3248   z result calculated correct
#       3264   status test PASS
#       3264  clk=1 status=00001001 a=11011101100000001010100101010101 b=00011111001100111101001101101110 z=00000000000000000000000000000000 z_check=00000000000000000000000000000000
#       3264   z result calculated correct
#       3264   p1 PASS
#       3264   p5 PASS
#       3280   status test PASS
#       3280  clk=1 status=00000000 a=00011111111111110011000101001010 b=10111101000110011111001010101001 z=11010000000000001011000010101111 z_check=11010000000000001011000010101111
#       3280   z result calculated correct
#       3296   status test PASS
#       3296  clk=1 status=00000000 a=11101101111101010010000110111001 b=10001100110110001100000000101100 z=10111101001101001100000101010011 z_check=10111101001101001100000101010011
#       3296   z result calculated correct
#       3312   status test PASS
#       3312  clk=1 status=00000000 a=00110111100110010111010100010100 b=01100111011100010111011000101011 z=10011101100110010111011001011010 z_check=10011101100110010111011001011010
#       3312   z result calculated correct
#       3328   status test PASS
#       3328  clk=1 status=00000000 a=10010010010111111110000000111100 b=10101101001011110110110101110011 z=00111011010011111000110001111000 z_check=00111011010011111000110001111000
#       3328   z result calculated correct
#       3344   status test PASS
#       3344  clk=1 status=00000000 a=10001001100001100100100001010100 b=00111000110001101110110110110000 z=01011111100100001011111000001110 z_check=01011111100100001011111000001110
#       3344   z result calculated correct
#       3360   status test PASS
#       3360  clk=1 status=00001001 a=11001011011011111100001000100001 b=01101111111001001110011110001111 z=00000000000000000000000000000000 z_check=00000000000000000000000000000000
#       3360   z result calculated correct
#       3360   p1 PASS
#       3360   p5 PASS
#       3376   status test PASS
#       3376  clk=1 status=00100000 a=10110111111111011101111110000101 b=00100110011111000100111000000011 z=10000010110100001011000100111100 z_check=10000010110100001011000100111100
#       3376   z result calculated correct
#       3392   status test PASS
#       3392  clk=1 status=00000000 a=11001100001110110011000110010000 b=10110110000010011101111011100110 z=11111011110101100110000111000011 z_check=11111011110101100110000111000011
#       3392   z result calculated correct
#       3408   status test PASS
#       3408  clk=1 status=00000000 a=11101001000111000001000001111100 b=01101110111000001111010010001100 z=10011110111110100011010101100100 z_check=10011110111110100011010101100100
#       3408   z result calculated correct
#       3424   status test PASS
#       3424  clk=1 status=00100000 a=10000111011110101001011001110001 b=10000000100001101101110011101010 z=01000010110010011010000100000110 z_check=01000010110010011010000100000110
#       3424   z result calculated correct
#       3440   status test PASS
#       3440  clk=1 status=00010010 a=01100101000101101001011101001110 b=11100011111000111111010001110101 z=11111111100000000000000000000000 z_check=11111111100000000000000000000000
#       3440   z result calculated correct
#       3440   p2 PASS
#       3440   p4 PASS
#       3456   status test PASS
#       3456  clk=1 status=00001001 a=10000001000001110010001010001000 b=00011011111001000001000000110100 z=00000000000000000000000000000000 z_check=00000000000000000000000000000000
#       3456   z result calculated correct
#       3456   p5 PASS
#       3456   p1 PASS
#       3472   status test PASS
#       3472  clk=1 status=00010010 a=00101000100110100100001010000111 b=11111000111101001110111111001011 z=11111111100000000000000000000000 z_check=11111111100000000000000000000000
#       3472   z result calculated correct
#       3472   p4 PASS
#       3472   p2 PASS
#       3488   status test PASS
#       3488  clk=1 status=00001001 a=01111000111001111111000101111101 b=01011110011111110000111000111001 z=10000000000000000000000000000000 z_check=10000000000000000000000000000000
#       3488   z result calculated correct
#       3488   p5 PASS
#       3488   p1 PASS
#       3504   status test PASS
#       3504  clk=1 status=00000000 a=01101000101011100000000101110111 b=11011110101001000000101000110110 z=11100010000100111001011111100111 z_check=11100010000100111001011111100111
#       3504   z result calculated correct
#       3520   status test PASS
#       3520  clk=1 status=00010010 a=01100100100110111110010101000101 b=10100101011011110000010000011000 z=01111111100000000000000000000000 z_check=01111111100000000000000000000000
#       3520   z result calculated correct
#       3520   p2 PASS
#       3520   p4 PASS
#       3536   status test PASS
#       3536  clk=1 status=00010010 a=01010010000101001101001100111110 b=11111010000010001010000011101110 z=11111111100000000000000000000000 z_check=11111111100000000000000000000000
#       3536   z result calculated correct
#       3536   p2 PASS
#       3536   p4 PASS
#       3552   status test PASS
#       3552  clk=1 status=00000000 a=10100000101001011111111110001100 b=11011000011001011000001010010101 z=11001010100100011000110110001010 z_check=11001010100100011000110110001010
#       3552   z result calculated correct
#       3568   status test PASS
#       3568  clk=1 status=00010010 a=10100101001011011011110100001011 b=00000101100101111011101110110101 z=11111111100000000000000000000000 z_check=11111111100000000000000000000000
#       3568   z result calculated correct
#       3568   p2 PASS
#       3568   p4 PASS
#       3584   status test PASS
#       3584  clk=1 status=00000000 a=10101101000100001001011100000010 b=01100011001110110001000100110000 z=00111001100101001101001001000101 z_check=00111001100101001101001001000101
#       3584   z result calculated correct
#       3600   status test PASS
#       3600  clk=1 status=00001001 a=11110100010100011010110000010100 b=11001011101111011110000011111011 z=10000000000000000000000000000000 z_check=10000000000000000000000000000000
#       3600   z result calculated correct
#       3600   p1 PASS
#       3600   p5 PASS
#       3616   status test PASS
#       3616  clk=1 status=00100000 a=10010010101100110011000011001100 b=00101110011111000010011011110100 z=11010000110100110101000000000111 z_check=11010000110100110101000000000111
#       3616   z result calculated correct
#       3632   status test PASS
#       3632  clk=1 status=00010010 a=00110011000000010100001010011000 b=11101011111010101010000011111010 z=01111111100000000000000000000000 z_check=01111111100000000000000000000000
#       3632   z result calculated correct
#       3632   p2 PASS
#       3632   p4 PASS
#       3648   status test PASS
#       3648  clk=1 status=00000000 a=01111010000010011101111111100010 b=10100011010100001001100010111101 z=10000001101100000111111101001101 z_check=10000001101100000111111101001101
#       3648   z result calculated correct
#       3664   status test PASS
#       3664  clk=1 status=00000000 a=01011100110110111000101101110010 b=00100110101011001010111000001101 z=11011111011011001111000001001110 z_check=11011111011011001111000001001110
#       3664   z result calculated correct
#       3680   status test PASS
#       3680  clk=1 status=00000000 a=11110000111010111000110110000011 b=11111010101110010010100010101100 z=11011101111000001011000001010101 z_check=11011101111000001011000001010101
#       3680   z result calculated correct
#       3696   status test PASS
#       3696  clk=1 status=00000000 a=01100011001101010110011011110100 b=10100011111110001010101011110110 z=01000100000101000001011011110101 z_check=01000100000101000001011011110101
#       3696   z result calculated correct
#       3712   status test PASS
#       3712  clk=1 status=00010010 a=00110001101110010010011110010110 b=10001101000001110000100011111110 z=01111111100000000000000000000000 z_check=01111111100000000000000000000000
#       3712   z result calculated correct
#       3712   p2 PASS
#       3712   p4 PASS
#       3728   status test PASS
#       3728  clk=1 status=00100000 a=11000100101101011111010100000011 b=10101100111010011110000001111100 z=11000111101100000011010011100001 z_check=11000111101100000011010011100001
#       3728   z result calculated correct
#       3744   status test PASS
#       3744  clk=1 status=00001001 a=01000000010011000011111101111101 b=01001011110110110100010110110010 z=10000000000000000000000000000000 z_check=10000000000000000000000000000000
#       3744   z result calculated correct
#       3744   p1 PASS
#       3744   p5 PASS
#       3760   status test PASS
#       3760  clk=1 status=00100000 a=01101110110010111001110010101111 b=11000010111001111110100111101010 z=00110010001001100011101110001110 z_check=00110010001001100011101110001110
#       3760   z result calculated correct
#       3776   status test PASS
#       3776  clk=1 status=00000000 a=11111000011111010101011010010101 b=11100100011100100010101000101111 z=01001100101011101111000111101011 z_check=01001100101011101111000111101011
#       3776   z result calculated correct
#       3792   status test PASS
#       3792  clk=1 status=00000000 a=01001000101110001101011001010000 b=01010010111111011000111010111011 z=11110010001110000111010001101110 z_check=11110010001110000111010001101110
#       3792   z result calculated correct
#       3808   status test PASS
#       3808  clk=1 status=00010010 a=10011100010011110111000011011011 b=00101100111011001111000011111001 z=01111111100000000000000000000000 z_check=01111111100000000000000000000000
#       3808   z result calculated correct
#       3808   p2 PASS
#       3808   p4 PASS
#       3824   status test PASS
#       3824  clk=1 status=00000000 a=11010000011111011101011110100111 b=11100011111111101000110000001100 z=01011100001101110001001011011011 z_check=01011100001101110001001011011011
#       3824   z result calculated correct
#       3840   status test PASS
#       3840  clk=1 status=00000000 a=10000101101000100011011101011110 b=00110001100101010000100010100000 z=10001001101111111111111101001101 z_check=10001001101111111111111101001101
#       3840   z result calculated correct
#       3856   status test PASS
#       3856  clk=1 status=00000000 a=01110101000111010101110011011001 b=10100011101101011011000001011001 z=01110100111111000110011011010110 z_check=01110100111111000110011011010110
#       3856   z result calculated correct
#       3872   status test PASS
#       3872  clk=1 status=00001001 a=00101100111101111110110001110000 b=10011111001111100000011100110001 z=10000000000000000000000000000000 z_check=10000000000000000000000000000000
#       3872   z result calculated correct
#       3872   p1 PASS
#       3872   p5 PASS
#       3888   status test PASS
#       3888  clk=1 status=00000000 a=10100101000111000100101111011011 b=01000010000000110111010001000000 z=11011001010111110101111000011000 z_check=11011001010111110101111000011000
#       3888   z result calculated correct
#       3904   status test PASS
#       3904  clk=1 status=00100000 a=11000110011101110001011111110100 b=11110000101011101011101011110100 z=10001100101110000000100001110010 z_check=10001100101110000000100001110010
#       3904   z result calculated correct
#       3920   status test PASS
#       3920  clk=1 status=00100000 a=11011011010111010111010100111011 b=10000101110101001010111100000110 z=10100111101000001000001110010101 z_check=10100111101000001000001110010101
#       3920   z result calculated correct
#       3936   status test PASS
#       3936  clk=1 status=00000000 a=11001101011111011111110011010000 b=00111101110111100111100000101111 z=01110111101010001010011010111011 z_check=01110111101010001010011010111011
#       3936   z result calculated correct
#       3952   status test PASS
#       3952  clk=1 status=00000000 a=01010011100001110010101110001111 b=10001001011100011100000111010011 z=00100001101101111111110001111101 z_check=00100001101101111111110001111101
#       3952   z result calculated correct
#       3968   status test PASS
#       3968  clk=1 status=00000000 a=10001101100000001100111000110100 b=10110010101101100000100010010101 z=11001011110111001011100001111010 z_check=11001011110111001011100001111010
#       3968   z result calculated correct
#       3984   status test PASS
#       3984  clk=1 status=00000000 a=00111100101000111000101110011101 b=00010010110010100010100000000110 z=10011101011111110100110010110010 z_check=10011101011111110100110010110010
#       3984   z result calculated correct
#       4000   status test PASS
#       4000  clk=1 status=00000000 a=10011001011010101111101000111010 b=00101111000001110001100010010110 z=00000000101101110010110111010101 z_check=00000000101101110010110111010101
#       4000   z result calculated correct
#       4016   status test PASS
#       4016  clk=1 status=00000000 a=01111000100111111010100010101010 b=10011001010001111011000110010101 z=00010000000000010010010110111100 z_check=00010000000000010010010110111100
#       4016   z result calculated correct
#       4032   status test PASS
#       4032  clk=1 status=00100000 a=10001000011000011111011101111000 b=11101011101011001111011010001100 z=10001000111110000000000100001011 z_check=10001000111110000000000100001011
#       4032   z result calculated correct
#       4048   status test PASS
#       4048  clk=1 status=00100000 a=11100110000001111111011100100111 b=10010111001111110011100101000111 z=11010010011110010001010110111001 z_check=11010010011110010001010110111001
#       4048   z result calculated correct
#       4064   status test PASS
#       4064  clk=1 status=00100000 a=10000010000101000011110110010101 b=01101000000111101111100111010101 z=00110100100110001010101111100100 z_check=00110100100110001010101111100100
#       4064   z result calculated correct
#       4080   status test PASS
#       4080  clk=1 status=00000000 a=01000110011101110101010100011111 b=01100001001000011010101101001001 z=00111101110010110001111110100100 z_check=00111101110010110001111110100100
#       4080   z result calculated correct
#       4096   status test PASS
#       4096  clk=1 status=00000000 a=10001011100011110010011101111111 b=01101001000010000011101110111100 z=10101010101110000001110101011010 z_check=10101010101110000001110101011010
#       4096   z result calculated correct
#       4112   status test PASS
#       4112  clk=1 status=00000000 a=00001100011010110001101110011101 b=11111011101100000001011100000100 z=01101000000111000011001000000101 z_check=01101000000111000011001000000101
#       4112   z result calculated correct
#       4128   status test PASS
#       4128  clk=1 status=00100000 a=10001000100110110110011111100000 b=11111101001100110001011101101010 z=10110101000110000101110011000101 z_check=10110101000110000101110011000101
#       4128   z result calculated correct
#       4144   status test PASS
#       4144  clk=1 status=00100000 a=00110001010001111000000111001101 b=10000101010100001010011011110010 z=11001000101000011011100000011111 z_check=11001000101000011011100000011111
#       4144   z result calculated correct
#       4160   status test PASS
#       4160  clk=1 status=00000000 a=00011001100101001100010001001101 b=00011010001001001101111101111001 z=01000110010110010110111110110001 z_check=01000110010110010110111110110001
#       4160   z result calculated correct
#       4176   status test PASS
#       4176  clk=1 status=00001001 a=01110101100111100110111110110110 b=01001001100111000000011010011000 z=10000000000000000000000000000000 z_check=10000000000000000000000000000000
#       4176   z result calculated correct
#       4176   p1 PASS
#       4176   p5 PASS
#       4192   status test PASS
#       4192  clk=1 status=00001001 a=01011101110110000110010111011101 b=10010010011101101001010010110011 z=00000000000000000000000000000000 z_check=00000000000000000000000000000000
#       4192   z result calculated correct
#       4192   p1 PASS
#       4192   p5 PASS
#       4208   status test PASS
#       4208  clk=1 status=00010010 a=00001100000011001010000001001010 b=11010010100010101101011010100011 z=01111111100000000000000000000000 z_check=01111111100000000000000000000000
#       4208   z result calculated correct
#       4208   p4 PASS
#       4208   p2 PASS
#       4224   status test PASS
#       4224  clk=1 status=00000000 a=10111101001000010000011010011111 b=11100111000111111011010001101101 z=10110000110100000110111110010101 z_check=10110000110100000110111110010101
#       4224   z result calculated correct
#       4240   status test PASS
#       4240  clk=1 status=00000000 a=11111110100100010011011110010000 b=10110000101010101000110010111111 z=10011111000110001000100010011111 z_check=10011111000110001000100010011111
#       4240   z result calculated correct
#       4256   status test PASS
#       4256  clk=1 status=00000000 a=00010000110110111101001010101111 b=01000101000111101101111010011100 z=01100100110010001110100100110100 z_check=01100100110010001110100100110100
#       4256   z result calculated correct
#       4272   status test PASS
#       4272  clk=1 status=00000000 a=00010001111101110001001101101110 b=10101111110100110111111001011100 z=01101111110000010111110101111001 z_check=01101111110000010111110101111001
#       4272   z result calculated correct
#       4288   status test PASS
#       4288  clk=1 status=00000000 a=00000110110100010000110100100100 b=01100001110111001011011110011101 z=00010110100010000110101100101111 z_check=00010110100010000110101100101111
#       4288   z result calculated correct
#       4304   status test PASS
#       4304  clk=1 status=00100000 a=11100100100101100101001010011100 b=00101110011011011001000100100110 z=10000010010011000001111011111000 z_check=10000010010011000001111011111000
#       4304   z result calculated correct
#       4320   status test PASS
#       4320  clk=1 status=00000000 a=11011011011100101100101111001101 b=01110101110100001010001010010001 z=00101001001101000011110100111100 z_check=00101001001101000011110100111100
#       4320   z result calculated correct
#       4336   status test PASS
#       4336  clk=1 status=00000000 a=01110100101110110001010001001100 b=10111000010011111110001011100010 z=11010011100010110111111110110110 z_check=11010011100010110111111110110110
#       4336   z result calculated correct
#       4352   status test PASS
#       4352  clk=1 status=00010010 a=11100110000010101000011000100010 b=01101110010000111110001100000000 z=11111111100000000000000000000000 z_check=11111111100000000000000000000000
#       4352   z result calculated correct
#       4352   p2 PASS
#       4352   p4 PASS
#       4368   status test PASS
#       4368  clk=1 status=00000000 a=01011111010111000010100011100011 b=11110110100101100111100110111101 z=11101101100101111110101100110111 z_check=11101101100101111110101100110111
#       4368   z result calculated correct
#       4384   status test PASS
#       4384  clk=1 status=00010010 a=10111110111111100100110001011000 b=01010010110110001001100110001110 z=11111111100000000000000000000000 z_check=11111111100000000000000000000000
#       4384   p2 PASS
#       4384   p4 PASS
#       4400   status test PASS
#       4400  clk=1 status=00010010 a=00100110010111101101001000100111 b=01101000010011110011010111110010 z=11111111100000000000000000000000 z_check=11111111100000000000000000000000
#       4400   z result calculated correct
#       4400   p2 PASS
#       4400   p4 PASS
#       4416   status test PASS
#       4416  clk=1 status=00000000 a=10111000011110111000111111110110 b=01111001100111001100101000101100 z=11010010010101110010100011110011 z_check=11010010010101110010100011110011
#       4416   z result calculated correct
#       4432   status test PASS
#       4432  clk=1 status=00000000 a=10010001011110010011000011100001 b=11110101110000001101000111011101 z=01001111001101000101101011100010 z_check=01001111001101000101101011100010
#       4432   z result calculated correct
#       4448   status test PASS
#       4448  clk=1 status=00000000 a=00110111001000111110010110001110 b=01111110101000000011101111100010 z=11110010100110100001001001100101 z_check=11110010100110100001001001100101
#       4448   z result calculated correct
#       4464   status test PASS
#       4464  clk=1 status=00000000 a=01100000000001100010011110001000 b=01100011110000101100000110010010 z=01000111101110111011000011110001 z_check=01000111101110111011000011110001
#       4464   z result calculated correct
#       4480   status test PASS
#       4480  clk=1 status=00000000 a=10100001000010010101001101101000 b=10010000100100011110110110100100 z=01110110010011010010101110011111 z_check=01110110010011010010101110011111
#       4480   z result calculated correct
#       4496   status test PASS
#       4496  clk=1 status=00010010 a=10111101100000101000011110010000 b=01110001100001001001111011000101 z=01111111100000000000000000000000 z_check=01111111100000000000000000000000
#       4496   z result calculated correct
#       4496   p2 PASS
#       4496   p4 PASS
#       4512   status test PASS
#       4512  clk=1 status=00001001 a=01100110111101100011000001011010 b=11010011100101011001000000011110 z=00000000000000000000000000000000 z_check=00000000000000000000000000000000
#       4512   z result calculated correct
#       4512   p5 PASS
#       4512   p1 PASS
#       4528   status test PASS
#       4528  clk=1 status=00000000 a=10100111011001010111101110010101 b=11011000010111000010011101011010 z=11101111100001110011110110110101 z_check=11101111100001110011110110110101
#       4528   z result calculated correct
#       4544   status test PASS
#       4544  clk=1 status=00100000 a=01000110001001111011000011001101 b=00101100110110001111011011100101 z=11111011000011111101010010111100 z_check=11111011000011111101010010111100
#       4544   z result calculated correct
#       4560   status test PASS
#       4560  clk=1 status=00000000 a=10011101000110010100111001110111 b=01110011010001111001100101111111 z=01000000010001010101100101111011 z_check=01000000010001010101100101111011
#       4560   z result calculated correct
#       4576   status test PASS
#       4576  clk=1 status=00000000 a=10011111110101010101111110101001 b=00110000010001010001001011000000 z=00110011100011100001111011100111 z_check=00110011100011100001111011100111
#       4576   z result calculated correct
#       4592   status test PASS
#       4592  clk=1 status=00000000 a=00110010010110011110010011010001 b=10000011010000001011000101100101 z=11010000111011110000111111010101 z_check=11010000111011110000111111010101
#       4592   z result calculated correct
#       4608   status test PASS
#       4608  clk=1 status=00000000 a=10001101000111100010100000010010 b=01100010010100011111101011111111 z=10010000101001000100001000111110 z_check=10010000101001000100001000111110
#       4608   z result calculated correct
#       4624   status test PASS
#       4624  clk=1 status=00001001 a=10001011111001011101111001111011 b=11101001000110101110001001001001 z=10000000000000000000000000000000 z_check=10000000000000000000000000000000
#       4624   z result calculated correct
#       4624   p1 PASS
#       4624   p5 PASS
#       4640   status test PASS
#       4640  clk=1 status=00000000 a=11010010110000110101100100001011 b=11101001100011011100011011110110 z=10110000000000011011100111000111 z_check=10110000000000011011100111000111
#       4640   z result calculated correct
#       4656   status test PASS
#       4656  clk=1 status=00000000 a=10010011000100100001010011000001 b=00101100111110000011100100100010 z=00110101100010110001001100000110 z_check=00110101100010110001001100000110
#       4656   z result calculated correct
#       4672   status test PASS
#       4672  clk=1 status=00100000 a=10100000001110010010100001101100 b=10111001111011110111100010100001 z=01111100110110000101111110111011 z_check=01111100110110000101111110111011
#       4672   z result calculated correct
#       4688   status test PASS
#       4688  clk=1 status=00000000 a=10110001001101001110111010111100 b=11100101001000000011000101101010 z=10000000100011011010010010110101 z_check=10000000100011011010010010110101
#       4688   z result calculated correct
#       4704   status test PASS
#       4704  clk=1 status=00100000 a=00111101110101011000000011100000 b=10110010000000110111110000101010 z=00011010101011010011001111111100 z_check=00011010101011010011001111111100
#       4704   z result calculated correct
#       4720   status test PASS
#       4720  clk=1 status=00100000 a=10111001001110100000000100000010 b=00111110000110001110110010111010 z=01010110111000100111000001000100 z_check=01010110111000100111000001000100
#       4720   z result calculated correct
#       4736   status test PASS
#       4736  clk=1 status=00100000 a=10101000000101101000110001011001 b=11000110011001111111111101010111 z=10110000010110110101000100000000 z_check=10110000010110110101000100000000
#       4736   z result calculated correct
#       4752   status test PASS
#       4752  clk=1 status=00000000 a=10001001010111000100101001011010 b=00000110100010000001000010000000 z=10110111110111100011100100110011 z_check=10110111110111100011100100110011
#       4752   z result calculated correct
#       4768   status test PASS
#       4768  clk=1 status=00000000 a=00001111010010111111001100111110 b=11001111110110000100011010101100 z=00101111000010000110111011001101 z_check=00101111000010000110111011001101
#       4768   z result calculated correct
#       4784   status test PASS
#       4784  clk=1 status=00001001 a=00010111110010111101111001110010 b=10100001111101001111100000001110 z=10000000000000000000000000000000 z_check=10000000000000000000000000000000
#       4784   z result calculated correct
#       4784   p1 PASS
#       4784   p5 PASS
#       4800   status test PASS
#       4800  clk=1 status=00000000 a=01100011110101011011111100110111 b=00111100100110010011101010000111 z=10011111101011000100110110001010 z_check=10011111101011000100110110001010
#       4800   z result calculated correct
#       4816   status test PASS
#       4816  clk=1 status=00001001 a=01011000000111111001100110111000 b=01101010001001111101010111001011 z=10000000000000000000000000000000 z_check=10000000000000000000000000000000
#       4816   z result calculated correct
#       4816   p1 PASS
#       4816   p5 PASS
#       4832   status test PASS
#       4832  clk=1 status=00000000 a=10110010000011110101101001101000 b=11011110000111001010111010101001 z=01100000111111111110000001001100 z_check=01100000111111111110000001001100
#       4832   z result calculated correct
#       4848   status test PASS
#       4848  clk=1 status=00010010 a=10001101101101011000001011010010 b=01111001010000100001101010100011 z=01111111100000000000000000000000 z_check=01111111100000000000000000000000
#       4848   z result calculated correct
#       4848   p2 PASS
#       4848   p4 PASS
#       4864   status test PASS
#       4864  clk=1 status=00000000 a=01110000100010111100011101111010 b=00010001101000111001011000000001 z=01010000101011110111100111001011 z_check=01010000101011110111100111001011
#       4864   z result calculated correct
#       4880   status test PASS
#       4880  clk=1 status=00000000 a=10001001101110111011000110110001 b=00100010001111000100011101011001 z=11000111100010011010000000000110 z_check=11000111100010011010000000000110
#       4880   z result calculated correct
#       4896   status test PASS
#       4896  clk=1 status=00100000 a=11000100001011010011011011000011 b=10101001101010110111110010111110 z=01000010101100101010001111010100 z_check=01000010101100101010001111010100
#       4896   z result calculated correct
#       4912   status test PASS
#       4912  clk=1 status=00001001 a=10110011100011011011111000000001 b=00011001010110010100011101000010 z=10000000000000000000000000000000 z_check=10000000000000000000000000000000
#       4912   z result calculated correct
#       4912   p1 PASS
#       4912   p5 PASS
#       4928   status test PASS
#       4928  clk=1 status=00000000 a=10000001101110110010101110010010 b=01101011001010011000011101011110 z=00101110011010000000111111110111 z_check=00101110011010000000111111110111
#       4928   z result calculated correct
#       4944   status test PASS
#       4944  clk=1 status=00100000 a=10011010010110001100101101010001 b=10111001010100111000001011011010 z=10001101011100001001101100000110 z_check=10001101011100001001101100000110
#       4944   z result calculated correct
#       4960   status test PASS
#       4960  clk=1 status=00100000 a=01000111111010111101110011111000 b=11111000100110011011100000001110 z=10101101011101111110010101111000 z_check=10101101011101111110010101111000
#       4960   z result calculated correct
#       4976   status test PASS
#       4976  clk=1 status=00000000 a=01011001100110100011101000011000 b=01111001111110110001100111001010 z=00010100001100110001111001100100 z_check=00010100001100110001111001100100
#       4976   z result calculated correct
#       4992   status test PASS
#       4992  clk=1 status=00010010 a=01011000101100001110001010010010 b=00011101000111000100011001111111 z=11111111100000000000000000000000 z_check=11111111100000000000000000000000
#       4992   z result calculated correct
#       4992   p2 PASS
#       4992   p4 PASS
# ** Note: $finish    : testbench.sv(273)
#    Time: 5 us  Iteration: 0  Instance: /TestBench
# End time: 17:03:55 on Jun 15,2024, Elapsed time: 0:00:01
# Errors: 0, Warnings: 0
# *** Summary *********************************************
#     qrun: Errors:   0, Warnings:   0
#     vlog: Errors:   0, Warnings:   0
#     vopt: Errors:   0, Warnings:   1
#     vsim: Errors:   0, Warnings:   0
#   Totals: Errors:   0, Warnings:   1
