QuestaSim-64 qrun 2023.1 Utility 2023.01 Jan 23 2023
Start time: 18:43:50 on Jun 15,2024
qrun -batch -access=rw+/. -timescale 1ns/1ns -mfcu design.sv testbench.sv -voptargs="+acc=npr" -do " run -all; exit" 
Creating library 'qrun.out/work'.
QuestaSim-64 vlog 2023.1 Compiler 2023.01 Jan 23 2023
Start time: 18:43:50 on Jun 15,2024
vlog -timescale 1ns/1ns -mfcu design.sv testbench.sv -work qrun.out/work -csession=incr -writesessionid "+qrun.out/top_dus" -statslog qrun.out/stats_log 
-- Compiling module fp_mult
-- Compiling module normalize_mult
-- Compiling module round_mult
-- Compiling module exception_mult
-- Compiling module check_mult
-- Compiling module fp_mult_top
-- Compiling module test_status_bits
-- Compiling module test_status_z_combinations
-- Compiling module TestBench

Top level modules:
	TestBench
End time: 18:43:50 on Jun 15,2024, Elapsed time: 0:00:00
Errors: 0, Warnings: 0
QuestaSim-64 vopt 2023.1 Compiler 2023.01 Jan 23 2023
** Warning: (vopt-10587) Some optimizations are turned off because the +acc switch is in effect. This will cause your simulation to run slowly. Please use -access/-debug to maintain needed visibility.
Start time: 18:43:50 on Jun 15,2024
vopt -access=rw+/. -timescale 1ns/1ns -mfcu "+acc=npr" -findtoplevels /home/runner/qrun.out/work+0+ -work qrun.out/work -statslog qrun.out/stats_log -o qrun_opt 

Top level modules:
	TestBench

Analyzing design...
-- Loading module TestBench
-- Loading module fp_mult_top
-- Loading module fp_mult
-- Loading module normalize_mult
-- Loading module round_mult
-- Loading module exception_mult
-- Loading module check_mult
-- Loading module test_status_z_combinations
-- Loading module test_status_bits
Optimizing 9 design-units (inlining 0/9 module instances):
-- Optimizing module TestBench(fast)
-- Optimizing module check_mult(fast)
-- Optimizing module exception_mult(fast)
-- Optimizing module test_status_z_combinations(fast)
-- Optimizing module fp_mult(fast)
-- Optimizing module round_mult(fast)
-- Optimizing module normalize_mult(fast)
-- Optimizing module fp_mult_top(fast)
-- Optimizing module test_status_bits(fast)
Optimized design name is qrun_opt
End time: 18:43:50 on Jun 15,2024, Elapsed time: 0:00:00
Errors: 0, Warnings: 1
# vsim -batch -voptargs="+acc=npr" -lib qrun.out/work -do " run -all; exit" -statslog qrun.out/stats_log qrun_opt -appendlog -l qrun.log -csession=incr 
# Start time: 18:43:50 on Jun 15,2024
# //  Questa Sim-64
# //  Version 2023.1 linux_x86_64 Jan 23 2023
# //
# //  Copyright 1991-2023 Mentor Graphics Corporation
# //  All Rights Reserved.
# //
# //  QuestaSim and its associated documentation contain trade
# //  secrets and commercial or financial information that are the property of
# //  Mentor Graphics Corporation and are privileged, confidential,
# //  and exempt from disclosure under the Freedom of Information Act,
# //  5 U.S.C. Section 552. Furthermore, this information
# //  is prohibited from disclosure under the Trade Secrets Act,
# //  18 U.S.C. Section 1905.
# //
# Loading sv_std.std
# Loading work.TestBench(fast)
# Loading work.fp_mult_top(fast)
# Loading work.fp_mult(fast)
# Loading work.normalize_mult(fast)
# Loading work.round_mult(fast)
# Loading work.exception_mult(fast)
# Loading work.test_status_bits(fast)
# Loading work.test_status_z_combinations(fast)
# Loading work.check_mult(fast)
# 
# run -all
#          0   z result failed
#          0  clk=1 status=xxxxxxxx a=xxxxxxxxxxxxxxxxxxxxxxxxxxxxxxxx b=xxxxxxxxxxxxxxxxxxxxxxxxxxxxxxxx z=xxxxxxxxxxxxxxxxxxxxxxxxxxxxxxxx z_check=xxxxxxxxxxxxxxxxxxxxxxxxxxxxxxxx
#          0   z result calculated correct
#         16   status test PASS
#         16  clk=1 status=00000000 a=00000000000000000000000000000000 b=00000000000000000000000000000000 z=00000000000000000000000000000000 z_check=00000000000000000000000000000000
#         32   status test PASS
#         32  clk=1 status=00000001 a=00000000000000000000000000000000 b=00000000000000000000000000000000 z=00000000000000000000000000000000 z_check=00000000000000000000000000000000
#         32   p1 PASS
#         48   status test PASS
#         48  clk=1 status=00000001 a=00000000000000000000000000000000 b=10000000000000000000000000000000 z=00000000000000000000000000000000 z_check=00000000000000000000000000000000
#         48   p1 PASS
#         64   status test PASS
#         64  clk=1 status=00000001 a=00000000000000000000000000000000 b=01111111100000000000000000000000 z=00000000000000000000000000000000 z_check=00000000000000000000000000000000
#         64   z result calculated correct
#         64   p1 PASS
#         80   status test PASS
#         80  clk=1 status=00000001 a=00000000000000000000000000000000 b=11111111100000000000000000000000 z=10000000000000000000000000000000 z_check=10000000000000000000000000000000
#         80   z result calculated correct
#         80   p1 PASS
#         96   status test PASS
#         96  clk=1 status=00000110 a=00000000000000000000000000000000 b=01111111100100110010000001111010 z=01111111100000000000000000000000 z_check=01111111100000000000000000000000
#         96   p3 PASS
#         96   p2 PASS
#        112   status test PASS
#        112  clk=1 status=00000110 a=00000000000000000000000000000000 b=11111111101100001101101001111110 z=01111111100000000000000000000000 z_check=01111111100000000000000000000000
#        112   p3 PASS
#        112   p2 PASS
#        128   status test PASS
#        128  clk=1 status=00000110 a=00000000000000000000000000000000 b=01111111110011011110111111011010 z=01111111100000000000000000000000 z_check=01111111100000000000000000000000
#        128   p3 PASS
#        128   p2 PASS
#        144   status test PASS
#        144  clk=1 status=00000110 a=00000000000000000000000000000000 b=11111111110100011001111001001110 z=01111111100000000000000000000000 z_check=01111111100000000000000000000000
#        144   p3 PASS
#        144   p2 PASS
#        160   status test PASS
#        160  clk=1 status=00000110 a=00000000000000000000000000000000 b=01110000101100111001101000000010 z=01111111100000000000000000000000 z_check=01111111100000000000000000000000
#        160   p3 PASS
#        160   p2 PASS
#        176   status test PASS
#        176  clk=1 status=00000110 a=00000000000000000000000000000000 b=10111000000111010001011110011011 z=01111111100000000000000000000000 z_check=01111111100000000000000000000000
#        176   z result calculated correct
#        176   p3 PASS
#        176   p2 PASS
#        192   status test PASS
#        192  clk=1 status=00000001 a=00000000000000000000000000000000 b=00000000011101001000000111011001 z=00000000000000000000000000000000 z_check=00000000000000000000000000000000
#        192   z result calculated correct
#        192   p1 PASS
#        208   status test PASS
#        208  clk=1 status=00000001 a=00000000000000000000000000000000 b=10000000001011101000011101001100 z=10000000000000000000000000000000 z_check=10000000000000000000000000000000
#        208   z result calculated correct
#        208   p1 PASS
#        224   status test PASS
#        224  clk=1 status=00000001 a=10000000000000000000000000000000 b=00000000000000000000000000000000 z=00000000000000000000000000000000 z_check=00000000000000000000000000000000
#        224   z result calculated correct
#        224   p1 PASS
#        240   status test PASS
#        240  clk=1 status=00000001 a=10000000000000000000000000000000 b=10000000000000000000000000000000 z=10000000000000000000000000000000 z_check=10000000000000000000000000000000
#        240   p1 PASS
#        256   status test PASS
#        256  clk=1 status=00000001 a=10000000000000000000000000000000 b=01111111100000000000000000000000 z=10000000000000000000000000000000 z_check=10000000000000000000000000000000
#        256   z result calculated correct
#        256   p1 PASS
#        272   status test PASS
#        272  clk=1 status=00000001 a=10000000000000000000000000000000 b=11111111100000000000000000000000 z=00000000000000000000000000000000 z_check=00000000000000000000000000000000
#        272   z result calculated correct
#        272   p1 PASS
#        288   status test PASS
#        288  clk=1 status=00000110 a=10000000000000000000000000000000 b=01111111100100110010000001111010 z=01111111100000000000000000000000 z_check=01111111100000000000000000000000
#        288   p3 PASS
#        288   p2 PASS
#        304   status test PASS
#        304  clk=1 status=00000110 a=10000000000000000000000000000000 b=11111111101100001101101001111110 z=01111111100000000000000000000000 z_check=01111111100000000000000000000000
#        304   p3 PASS
#        304   p2 PASS
#        320   status test PASS
#        320  clk=1 status=00000110 a=10000000000000000000000000000000 b=01111111110011011110111111011010 z=01111111100000000000000000000000 z_check=01111111100000000000000000000000
#        320   p3 PASS
#        320   p2 PASS
#        336   status test PASS
#        336  clk=1 status=00000110 a=10000000000000000000000000000000 b=11111111110100011001111001001110 z=01111111100000000000000000000000 z_check=01111111100000000000000000000000
#        336   p3 PASS
#        336   p2 PASS
#        352   status test PASS
#        352  clk=1 status=00000110 a=10000000000000000000000000000000 b=01110000101100111001101000000010 z=01111111100000000000000000000000 z_check=01111111100000000000000000000000
#        352   p3 PASS
#        352   p2 PASS
#        368   status test PASS
#        368  clk=1 status=00000110 a=10000000000000000000000000000000 b=10111000000111010001011110011011 z=01111111100000000000000000000000 z_check=01111111100000000000000000000000
#        368   z result calculated correct
#        368   p3 PASS
#        368   p2 PASS
#        384   status test PASS
#        384  clk=1 status=00000001 a=10000000000000000000000000000000 b=00000000011101001000000111011001 z=10000000000000000000000000000000 z_check=10000000000000000000000000000000
#        384   z result calculated correct
#        384   p1 PASS
#        400   status test PASS
#        400  clk=1 status=00000001 a=10000000000000000000000000000000 b=10000000001011101000011101001100 z=00000000000000000000000000000000 z_check=00000000000000000000000000000000
#        400   z result calculated correct
#        400   p1 PASS
#        416   status test PASS
#        416  clk=1 status=00000001 a=01111111100000000000000000000000 b=00000000000000000000000000000000 z=10000000000000000000000000000000 z_check=10000000000000000000000000000000
#        416   z result calculated correct
#        416   p1 PASS
#        432   status test PASS
#        432  clk=1 status=00000001 a=01111111100000000000000000000000 b=10000000000000000000000000000000 z=00000000000000000000000000000000 z_check=00000000000000000000000000000000
#        432   z result calculated correct
#        432   p1 PASS
#        448   status test PASS
#        448  clk=1 status=00000110 a=01111111100000000000000000000000 b=01111111100000000000000000000000 z=01111111100000000000000000000000 z_check=01111111100000000000000000000000
#        448   p3 PASS
#        448   p2 PASS
#        464   status test PASS
#        464  clk=1 status=00000110 a=01111111100000000000000000000000 b=11111111100000000000000000000000 z=01111111100000000000000000000000 z_check=01111111100000000000000000000000
#        464   p3 PASS
#        464   p2 PASS
#        480   status test PASS
#        480  clk=1 status=00000010 a=01111111100000000000000000000000 b=01111111100100110010000001111010 z=01111111100000000000000000000000 z_check=01111111100000000000000000000000
#        480   z result calculated correct
#        480   p2 PASS
#        496   status test PASS
#        496  clk=1 status=00000010 a=01111111100000000000000000000000 b=11111111101100001101101001111110 z=11111111100000000000000000000000 z_check=11111111100000000000000000000000
#        496   z result calculated correct
#        496   p2 PASS
#        512   status test PASS
#        512  clk=1 status=00000010 a=01111111100000000000000000000000 b=01111111110011011110111111011010 z=01111111100000000000000000000000 z_check=01111111100000000000000000000000
#        512   z result calculated correct
#        512   p2 PASS
#        528   status test PASS
#        528  clk=1 status=00000010 a=01111111100000000000000000000000 b=11111111110100011001111001001110 z=11111111100000000000000000000000 z_check=11111111100000000000000000000000
#        528   z result calculated correct
#        528   p2 PASS
#        544   status test PASS
#        544  clk=1 status=00000010 a=01111111100000000000000000000000 b=01110000101100111001101000000010 z=01111111100000000000000000000000 z_check=01111111100000000000000000000000
#        544   z result calculated correct
#        544   p2 PASS
#        560   status test PASS
#        560  clk=1 status=00000010 a=01111111100000000000000000000000 b=10111000000111010001011110011011 z=11111111100000000000000000000000 z_check=11111111100000000000000000000000
#        560   z result calculated correct
#        560   p2 PASS
#        576   status test PASS
#        576  clk=1 status=00000010 a=01111111100000000000000000000000 b=00000000011101001000000111011001 z=01111111100000000000000000000000 z_check=01111111100000000000000000000000
#        576   z result calculated correct
#        576   p2 PASS
#        592   status test PASS
#        592  clk=1 status=00000010 a=01111111100000000000000000000000 b=10000000001011101000011101001100 z=11111111100000000000000000000000 z_check=11111111100000000000000000000000
#        592   z result calculated correct
#        592   p2 PASS
#        608   status test PASS
#        608  clk=1 status=00000110 a=11111111100000000000000000000000 b=00000000000000000000000000000000 z=01111111100000000000000000000000 z_check=01111111100000000000000000000000
#        608   p3 PASS
#        608   p2 PASS
#        624   status test PASS
#        624  clk=1 status=00000110 a=11111111100000000000000000000000 b=10000000000000000000000000000000 z=01111111100000000000000000000000 z_check=01111111100000000000000000000000
#        624   p3 PASS
#        624   p2 PASS
#        640   status test PASS
#        640  clk=1 status=00000110 a=11111111100000000000000000000000 b=01111111100000000000000000000000 z=01111111100000000000000000000000 z_check=01111111100000000000000000000000
#        640   p3 PASS
#        640   p2 PASS
#        656   status test PASS
#        656  clk=1 status=00000110 a=11111111100000000000000000000000 b=11111111100000000000000000000000 z=01111111100000000000000000000000 z_check=01111111100000000000000000000000
#        656   z result calculated correct
#        656   p3 PASS
#        656   p2 PASS
#        672   status test PASS
#        672  clk=1 status=00000010 a=11111111100000000000000000000000 b=01111111100100110010000001111010 z=11111111100000000000000000000000 z_check=11111111100000000000000000000000
#        672   z result calculated correct
#        672   p2 PASS
#        688   status test PASS
#        688  clk=1 status=00000010 a=11111111100000000000000000000000 b=11111111101100001101101001111110 z=01111111100000000000000000000000 z_check=01111111100000000000000000000000
#        688   z result calculated correct
#        688   p2 PASS
#        704   status test PASS
#        704  clk=1 status=00000010 a=11111111100000000000000000000000 b=01111111110011011110111111011010 z=11111111100000000000000000000000 z_check=11111111100000000000000000000000
#        704   z result calculated correct
#        704   p2 PASS
#        720   status test PASS
#        720  clk=1 status=00000010 a=11111111100000000000000000000000 b=11111111110100011001111001001110 z=01111111100000000000000000000000 z_check=01111111100000000000000000000000
#        720   z result calculated correct
#        720   p2 PASS
#        736   status test PASS
#        736  clk=1 status=00000010 a=11111111100000000000000000000000 b=01110000101100111001101000000010 z=11111111100000000000000000000000 z_check=11111111100000000000000000000000
#        736   z result calculated correct
#        736   p2 PASS
#        752   status test PASS
#        752  clk=1 status=00000010 a=11111111100000000000000000000000 b=10111000000111010001011110011011 z=01111111100000000000000000000000 z_check=01111111100000000000000000000000
#        752   z result calculated correct
#        752   p2 PASS
#        768   status test PASS
#        768  clk=1 status=00000010 a=11111111100000000000000000000000 b=00000000011101001000000111011001 z=11111111100000000000000000000000 z_check=11111111100000000000000000000000
#        768   z result calculated correct
#        768   p2 PASS
#        784   status test PASS
#        784  clk=1 status=00000010 a=11111111100000000000000000000000 b=10000000001011101000011101001100 z=01111111100000000000000000000000 z_check=01111111100000000000000000000000
#        784   p2 PASS
#        800   status test PASS
#        800  clk=1 status=00000110 a=01111111100100110010000001111010 b=00000000000000000000000000000000 z=01111111100000000000000000000000 z_check=01111111100000000000000000000000
#        800   p3 PASS
#        800   p2 PASS
#        816   status test PASS
#        816  clk=1 status=00000110 a=01111111100100110010000001111010 b=10000000000000000000000000000000 z=01111111100000000000000000000000 z_check=01111111100000000000000000000000
#        816   p3 PASS
#        816   p2 PASS
#        832   status test PASS
#        832  clk=1 status=00000110 a=01111111100100110010000001111010 b=01111111100000000000000000000000 z=01111111100000000000000000000000 z_check=01111111100000000000000000000000
#        832   p3 PASS
#        832   p2 PASS
#        848   status test PASS
#        848  clk=1 status=00000110 a=01111111100100110010000001111010 b=11111111100000000000000000000000 z=01111111100000000000000000000000 z_check=01111111100000000000000000000000
#        848   p3 PASS
#        848   p2 PASS
#        864   status test PASS
#        864  clk=1 status=00000010 a=01111111100100110010000001111010 b=01111111100100110010000001111010 z=01111111100000000000000000000000 z_check=01111111100000000000000000000000
#        864   z result calculated correct
#        864   p2 PASS
#        880   status test PASS
#        880  clk=1 status=00000010 a=01111111100100110010000001111010 b=11111111101100001101101001111110 z=11111111100000000000000000000000 z_check=11111111100000000000000000000000
#        880   z result calculated correct
#        880   p2 PASS
#        896   status test PASS
#        896  clk=1 status=00000010 a=01111111100100110010000001111010 b=01111111110011011110111111011010 z=01111111100000000000000000000000 z_check=01111111100000000000000000000000
#        896   z result calculated correct
#        896   p2 PASS
#        912   status test PASS
#        912  clk=1 status=00000010 a=01111111100100110010000001111010 b=11111111110100011001111001001110 z=11111111100000000000000000000000 z_check=11111111100000000000000000000000
#        912   z result calculated correct
#        912   p2 PASS
#        928   status test PASS
#        928  clk=1 status=00000010 a=01111111100100110010000001111010 b=01110000101100111001101000000010 z=01111111100000000000000000000000 z_check=01111111100000000000000000000000
#        928   z result calculated correct
#        928   p2 PASS
#        944   status test PASS
#        944  clk=1 status=00000010 a=01111111100100110010000001111010 b=10111000000111010001011110011011 z=11111111100000000000000000000000 z_check=11111111100000000000000000000000
#        944   z result calculated correct
#        944   p2 PASS
#        960   status test PASS
#        960  clk=1 status=00000010 a=01111111100100110010000001111010 b=00000000011101001000000111011001 z=01111111100000000000000000000000 z_check=01111111100000000000000000000000
#        960   z result calculated correct
#        960   p2 PASS
#        976   status test PASS
#        976  clk=1 status=00000010 a=01111111100100110010000001111010 b=10000000001011101000011101001100 z=11111111100000000000000000000000 z_check=11111111100000000000000000000000
#        976   z result calculated correct
#        976   p2 PASS
#        992   status test PASS
#        992  clk=1 status=00000110 a=11111111101100001101101001111110 b=00000000000000000000000000000000 z=01111111100000000000000000000000 z_check=01111111100000000000000000000000
#        992   p3 PASS
#        992   p2 PASS
#       1008   status test PASS
#       1008  clk=1 status=00000110 a=11111111101100001101101001111110 b=10000000000000000000000000000000 z=01111111100000000000000000000000 z_check=01111111100000000000000000000000
#       1008   p3 PASS
#       1008   p2 PASS
#       1024   status test PASS
#       1024  clk=1 status=00000110 a=11111111101100001101101001111110 b=01111111100000000000000000000000 z=01111111100000000000000000000000 z_check=01111111100000000000000000000000
#       1024   p3 PASS
#       1024   p2 PASS
#       1040   status test PASS
#       1040  clk=1 status=00000110 a=11111111101100001101101001111110 b=11111111100000000000000000000000 z=01111111100000000000000000000000 z_check=01111111100000000000000000000000
#       1040   z result calculated correct
#       1040   p3 PASS
#       1040   p2 PASS
#       1056   status test PASS
#       1056  clk=1 status=00000010 a=11111111101100001101101001111110 b=01111111100100110010000001111010 z=11111111100000000000000000000000 z_check=11111111100000000000000000000000
#       1056   z result calculated correct
#       1056   p2 PASS
#       1072   status test PASS
#       1072  clk=1 status=00000010 a=11111111101100001101101001111110 b=11111111101100001101101001111110 z=01111111100000000000000000000000 z_check=01111111100000000000000000000000
#       1072   z result calculated correct
#       1072   p2 PASS
#       1088   status test PASS
#       1088  clk=1 status=00000010 a=11111111101100001101101001111110 b=01111111110011011110111111011010 z=11111111100000000000000000000000 z_check=11111111100000000000000000000000
#       1088   z result calculated correct
#       1088   p2 PASS
#       1104   status test PASS
#       1104  clk=1 status=00000010 a=11111111101100001101101001111110 b=11111111110100011001111001001110 z=01111111100000000000000000000000 z_check=01111111100000000000000000000000
#       1104   z result calculated correct
#       1104   p2 PASS
#       1120   status test PASS
#       1120  clk=1 status=00000010 a=11111111101100001101101001111110 b=01110000101100111001101000000010 z=11111111100000000000000000000000 z_check=11111111100000000000000000000000
#       1120   z result calculated correct
#       1120   p2 PASS
#       1136   status test PASS
#       1136  clk=1 status=00000010 a=11111111101100001101101001111110 b=10111000000111010001011110011011 z=01111111100000000000000000000000 z_check=01111111100000000000000000000000
#       1136   z result calculated correct
#       1136   p2 PASS
#       1152   status test PASS
#       1152  clk=1 status=00000010 a=11111111101100001101101001111110 b=00000000011101001000000111011001 z=11111111100000000000000000000000 z_check=11111111100000000000000000000000
#       1152   z result calculated correct
#       1152   p2 PASS
#       1168   status test PASS
#       1168  clk=1 status=00000010 a=11111111101100001101101001111110 b=10000000001011101000011101001100 z=01111111100000000000000000000000 z_check=01111111100000000000000000000000
#       1168   p2 PASS
#       1184   status test PASS
#       1184  clk=1 status=00000110 a=01111111110011011110111111011010 b=00000000000000000000000000000000 z=01111111100000000000000000000000 z_check=01111111100000000000000000000000
#       1184   p3 PASS
#       1184   p2 PASS
#       1200   status test PASS
#       1200  clk=1 status=00000110 a=01111111110011011110111111011010 b=10000000000000000000000000000000 z=01111111100000000000000000000000 z_check=01111111100000000000000000000000
#       1200   p3 PASS
#       1200   p2 PASS
#       1216   status test PASS
#       1216  clk=1 status=00000110 a=01111111110011011110111111011010 b=01111111100000000000000000000000 z=01111111100000000000000000000000 z_check=01111111100000000000000000000000
#       1216   p3 PASS
#       1216   p2 PASS
#       1232   status test PASS
#       1232  clk=1 status=00000110 a=01111111110011011110111111011010 b=11111111100000000000000000000000 z=01111111100000000000000000000000 z_check=01111111100000000000000000000000
#       1232   p3 PASS
#       1232   p2 PASS
#       1248   status test PASS
#       1248  clk=1 status=00000010 a=01111111110011011110111111011010 b=01111111100100110010000001111010 z=01111111100000000000000000000000 z_check=01111111100000000000000000000000
#       1248   z result calculated correct
#       1248   p2 PASS
#       1264   status test PASS
#       1264  clk=1 status=00000010 a=01111111110011011110111111011010 b=11111111101100001101101001111110 z=11111111100000000000000000000000 z_check=11111111100000000000000000000000
#       1264   z result calculated correct
#       1264   p2 PASS
#       1280   status test PASS
#       1280  clk=1 status=00000010 a=01111111110011011110111111011010 b=01111111110011011110111111011010 z=01111111100000000000000000000000 z_check=01111111100000000000000000000000
#       1280   z result calculated correct
#       1280   p2 PASS
#       1296   status test PASS
#       1296  clk=1 status=00000010 a=01111111110011011110111111011010 b=11111111110100011001111001001110 z=11111111100000000000000000000000 z_check=11111111100000000000000000000000
#       1296   z result calculated correct
#       1296   p2 PASS
#       1312   status test PASS
#       1312  clk=1 status=00000010 a=01111111110011011110111111011010 b=01110000101100111001101000000010 z=01111111100000000000000000000000 z_check=01111111100000000000000000000000
#       1312   z result calculated correct
#       1312   p2 PASS
#       1328   status test PASS
#       1328  clk=1 status=00000010 a=01111111110011011110111111011010 b=10111000000111010001011110011011 z=11111111100000000000000000000000 z_check=11111111100000000000000000000000
#       1328   z result calculated correct
#       1328   p2 PASS
#       1344   status test PASS
#       1344  clk=1 status=00000010 a=01111111110011011110111111011010 b=00000000011101001000000111011001 z=01111111100000000000000000000000 z_check=01111111100000000000000000000000
#       1344   z result calculated correct
#       1344   p2 PASS
#       1360   status test PASS
#       1360  clk=1 status=00000010 a=01111111110011011110111111011010 b=10000000001011101000011101001100 z=11111111100000000000000000000000 z_check=11111111100000000000000000000000
#       1360   z result calculated correct
#       1360   p2 PASS
#       1376   status test PASS
#       1376  clk=1 status=00000110 a=11111111110100011001111001001110 b=00000000000000000000000000000000 z=01111111100000000000000000000000 z_check=01111111100000000000000000000000
#       1376   p3 PASS
#       1376   p2 PASS
#       1392   status test PASS
#       1392  clk=1 status=00000110 a=11111111110100011001111001001110 b=10000000000000000000000000000000 z=01111111100000000000000000000000 z_check=01111111100000000000000000000000
#       1392   p3 PASS
#       1392   p2 PASS
#       1408   status test PASS
#       1408  clk=1 status=00000110 a=11111111110100011001111001001110 b=01111111100000000000000000000000 z=01111111100000000000000000000000 z_check=01111111100000000000000000000000
#       1408   p3 PASS
#       1408   p2 PASS
#       1424   status test PASS
#       1424  clk=1 status=00000110 a=11111111110100011001111001001110 b=11111111100000000000000000000000 z=01111111100000000000000000000000 z_check=01111111100000000000000000000000
#       1424   z result calculated correct
#       1424   p3 PASS
#       1424   p2 PASS
#       1440   status test PASS
#       1440  clk=1 status=00000010 a=11111111110100011001111001001110 b=01111111100100110010000001111010 z=11111111100000000000000000000000 z_check=11111111100000000000000000000000
#       1440   z result calculated correct
#       1440   p2 PASS
#       1456   status test PASS
#       1456  clk=1 status=00000010 a=11111111110100011001111001001110 b=11111111101100001101101001111110 z=01111111100000000000000000000000 z_check=01111111100000000000000000000000
#       1456   z result calculated correct
#       1456   p2 PASS
#       1472   status test PASS
#       1472  clk=1 status=00000010 a=11111111110100011001111001001110 b=01111111110011011110111111011010 z=11111111100000000000000000000000 z_check=11111111100000000000000000000000
#       1472   z result calculated correct
#       1472   p2 PASS
#       1488   status test PASS
#       1488  clk=1 status=00000010 a=11111111110100011001111001001110 b=11111111110100011001111001001110 z=01111111100000000000000000000000 z_check=01111111100000000000000000000000
#       1488   z result calculated correct
#       1488   p2 PASS
#       1504   status test PASS
#       1504  clk=1 status=00000010 a=11111111110100011001111001001110 b=01110000101100111001101000000010 z=11111111100000000000000000000000 z_check=11111111100000000000000000000000
#       1504   z result calculated correct
#       1504   p2 PASS
#       1520   status test PASS
#       1520  clk=1 status=00000010 a=11111111110100011001111001001110 b=10111000000111010001011110011011 z=01111111100000000000000000000000 z_check=01111111100000000000000000000000
#       1520   z result calculated correct
#       1520   p2 PASS
#       1536   status test PASS
#       1536  clk=1 status=00000010 a=11111111110100011001111001001110 b=00000000011101001000000111011001 z=11111111100000000000000000000000 z_check=11111111100000000000000000000000
#       1536   z result calculated correct
#       1536   p2 PASS
#       1552   status test PASS
#       1552  clk=1 status=00000010 a=11111111110100011001111001001110 b=10000000001011101000011101001100 z=01111111100000000000000000000000 z_check=01111111100000000000000000000000
#       1552   p2 PASS
#       1568   status test PASS
#       1568  clk=1 status=00000110 a=01110000101100111001101000000010 b=00000000000000000000000000000000 z=01111111100000000000000000000000 z_check=01111111100000000000000000000000
#       1568   p3 PASS
#       1568   p2 PASS
#       1584   status test PASS
#       1584  clk=1 status=00000110 a=01110000101100111001101000000010 b=10000000000000000000000000000000 z=01111111100000000000000000000000 z_check=01111111100000000000000000000000
#       1584   z result calculated correct
#       1584   p3 PASS
#       1584   p2 PASS
#       1600   status test PASS
#       1600  clk=1 status=00000001 a=01110000101100111001101000000010 b=01111111100000000000000000000000 z=00000000000000000000000000000000 z_check=00000000000000000000000000000000
#       1600   z result calculated correct
#       1600   p1 PASS
#       1616   status test PASS
#       1616  clk=1 status=00000001 a=01110000101100111001101000000010 b=11111111100000000000000000000000 z=10000000000000000000000000000000 z_check=10000000000000000000000000000000
#       1616   z result calculated correct
#       1616   p1 PASS
#       1632   status test PASS
#       1632  clk=1 status=00000010 a=01110000101100111001101000000010 b=01111111100100110010000001111010 z=01111111100000000000000000000000 z_check=01111111100000000000000000000000
#       1632   z result calculated correct
#       1632   p2 PASS
#       1648   status test PASS
#       1648  clk=1 status=00000010 a=01110000101100111001101000000010 b=11111111101100001101101001111110 z=11111111100000000000000000000000 z_check=11111111100000000000000000000000
#       1648   z result calculated correct
#       1648   p2 PASS
#       1664   status test PASS
#       1664  clk=1 status=00000010 a=01110000101100111001101000000010 b=01111111110011011110111111011010 z=01111111100000000000000000000000 z_check=01111111100000000000000000000000
#       1664   z result calculated correct
#       1664   p2 PASS
#       1680   status test PASS
#       1680  clk=1 status=00000010 a=01110000101100111001101000000010 b=11111111110100011001111001001110 z=11111111100000000000000000000000 z_check=11111111100000000000000000000000
#       1680   z result calculated correct
#       1680   p2 PASS
#       1696   status test PASS
#       1696  clk=1 status=00000010 a=01110000101100111001101000000010 b=01110000101100111001101000000010 z=01111111100000000000000000000000 z_check=01111111100000000000000000000000
#       1696   z result calculated correct
#       1696   p2 PASS
#       1712   status test PASS
#       1712  clk=1 status=00000010 a=01110000101100111001101000000010 b=10111000000111010001011110011011 z=11111111100000000000000000000000 z_check=11111111100000000000000000000000
#       1712   z result calculated correct
#       1712   p2 PASS
#       1728   status test PASS
#       1728  clk=1 status=00010010 a=01110000101100111001101000000010 b=00000000011101001000000111011001 z=01111111100000000000000000000000 z_check=01111111100000000000000000000000
#       1728   z result calculated correct
#       1728   p4 PASS
#       1728   p2 PASS
#       1744   status test PASS
#       1744  clk=1 status=00000000 a=01110000101100111001101000000010 b=10000000001011101000011101001100 z=11101001010111000110110000000110 z_check=11101001010111000110110000000110
#       1744   z result calculated correct
#       1760   status test PASS
#       1760  clk=1 status=00000001 a=10111000000111010001011110011011 b=00000000000000000000000000000000 z=00000000000000000000000000000000 z_check=00000000000000000000000000000000
#       1760   z result calculated correct
#       1760   p1 PASS
#       1776   status test PASS
#       1776  clk=1 status=00000001 a=10111000000111010001011110011011 b=10000000000000000000000000000000 z=10000000000000000000000000000000 z_check=10000000000000000000000000000000
#       1776   p1 PASS
#       1792   status test PASS
#       1792  clk=1 status=00000001 a=10111000000111010001011110011011 b=01111111100000000000000000000000 z=10000000000000000000000000000000 z_check=10000000000000000000000000000000
#       1792   z result calculated correct
#       1792   p1 PASS
#       1808   status test PASS
#       1808  clk=1 status=00000001 a=10111000000111010001011110011011 b=11111111100000000000000000000000 z=00000000000000000000000000000000 z_check=00000000000000000000000000000000
#       1808   z result calculated correct
#       1808   p1 PASS
#       1824   status test PASS
#       1824  clk=1 status=00000010 a=10111000000111010001011110011011 b=01111111100100110010000001111010 z=11111111100000000000000000000000 z_check=11111111100000000000000000000000
#       1824   z result calculated correct
#       1824   p2 PASS
#       1840   status test PASS
#       1840  clk=1 status=00000010 a=10111000000111010001011110011011 b=11111111101100001101101001111110 z=01111111100000000000000000000000 z_check=01111111100000000000000000000000
#       1840   z result calculated correct
#       1840   p2 PASS
#       1856   status test PASS
#       1856  clk=1 status=00000010 a=10111000000111010001011110011011 b=01111111110011011110111111011010 z=11111111100000000000000000000000 z_check=11111111100000000000000000000000
#       1856   z result calculated correct
#       1856   p2 PASS
#       1872   status test PASS
#       1872  clk=1 status=00000010 a=10111000000111010001011110011011 b=11111111110100011001111001001110 z=01111111100000000000000000000000 z_check=01111111100000000000000000000000
#       1872   z result calculated correct
#       1872   p2 PASS
#       1888   status test PASS
#       1888  clk=1 status=00000010 a=10111000000111010001011110011011 b=01110000101100111001101000000010 z=11111111100000000000000000000000 z_check=11111111100000000000000000000000
#       1888   z result calculated correct
#       1888   p2 PASS
#       1904   status test PASS
#       1904  clk=1 status=00000010 a=10111000000111010001011110011011 b=10111000000111010001011110011011 z=01111111100000000000000000000000 z_check=01111111100000000000000000000000
#       1904   z result calculated correct
#       1904   p2 PASS
#       1920   status test PASS
#       1920  clk=1 status=00000000 a=10111000000111010001011110011011 b=00000000011101001000000111011001 z=11101001010111000110110000000110 z_check=11101001010111000110110000000110
#       1920   z result calculated correct
#       1936   status test PASS
#       1936  clk=1 status=00000000 a=10111000000111010001011110011011 b=10000000001011101000011101001100 z=00110000110000001100101111101101 z_check=00110000110000001100101111101101
#       1936   z result calculated correct
#       1952   status test PASS
#       1952  clk=1 status=00000001 a=00000000011101001000000111011001 b=00000000000000000000000000000000 z=10000000000000000000000000000000 z_check=10000000000000000000000000000000
#       1952   z result calculated correct
#       1952   p1 PASS
#       1968   status test PASS
#       1968  clk=1 status=00000001 a=00000000011101001000000111011001 b=10000000000000000000000000000000 z=00000000000000000000000000000000 z_check=00000000000000000000000000000000
#       1968   p1 PASS
#       1984   status test PASS
#       1984  clk=1 status=00000001 a=00000000011101001000000111011001 b=01111111100000000000000000000000 z=00000000000000000000000000000000 z_check=00000000000000000000000000000000
#       1984   z result calculated correct
#       1984   p1 PASS
#       2000   status test PASS
#       2000  clk=1 status=00000001 a=00000000011101001000000111011001 b=11111111100000000000000000000000 z=10000000000000000000000000000000 z_check=10000000000000000000000000000000
#       2000   z result calculated correct
#       2000   p1 PASS
#       2016   status test PASS
#       2016  clk=1 status=00000110 a=00000000011101001000000111011001 b=01111111100100110010000001111010 z=01111111100000000000000000000000 z_check=01111111100000000000000000000000
#       2016   p3 PASS
#       2016   p2 PASS
#       2032   status test PASS
#       2032  clk=1 status=00000110 a=00000000011101001000000111011001 b=11111111101100001101101001111110 z=01111111100000000000000000000000 z_check=01111111100000000000000000000000
#       2032   p3 PASS
#       2032   p2 PASS
#       2048   status test PASS
#       2048  clk=1 status=00000110 a=00000000011101001000000111011001 b=01111111110011011110111111011010 z=01111111100000000000000000000000 z_check=01111111100000000000000000000000
#       2048   p3 PASS
#       2048   p2 PASS
#       2064   status test PASS
#       2064  clk=1 status=00000110 a=00000000011101001000000111011001 b=11111111110100011001111001001110 z=01111111100000000000000000000000 z_check=01111111100000000000000000000000
#       2064   p3 PASS
#       2064   p2 PASS
#       2080   status test PASS
#       2080  clk=1 status=00000110 a=00000000011101001000000111011001 b=01110000101100111001101000000010 z=01111111100000000000000000000000 z_check=01111111100000000000000000000000
#       2080   p3 PASS
#       2080   p2 PASS
#       2096   status test PASS
#       2096  clk=1 status=00000110 a=00000000011101001000000111011001 b=10111000000111010001011110011011 z=01111111100000000000000000000000 z_check=01111111100000000000000000000000
#       2096   z result calculated correct
#       2096   p3 PASS
#       2096   p2 PASS
#       2112   status test PASS
#       2112  clk=1 status=00000001 a=00000000011101001000000111011001 b=00000000011101001000000111011001 z=00000000000000000000000000000000 z_check=00000000000000000000000000000000
#       2112   z result calculated correct
#       2112   p1 PASS
#       2128   status test PASS
#       2128  clk=1 status=00000001 a=00000000011101001000000111011001 b=10000000001011101000011101001100 z=10000000000000000000000000000000 z_check=10000000000000000000000000000000
#       2128   z result calculated correct
#       2128   p1 PASS
#       2144   status test PASS
#       2144  clk=1 status=00000001 a=10000000001011101000011101001100 b=00000000000000000000000000000000 z=00000000000000000000000000000000 z_check=00000000000000000000000000000000
#       2144   z result calculated correct
#       2144   p1 PASS
#       2160   status test PASS
#       2160  clk=1 status=00000001 a=10000000001011101000011101001100 b=10000000000000000000000000000000 z=10000000000000000000000000000000 z_check=10000000000000000000000000000000
#       2160   p1 PASS
#       2176   status test PASS
#       2176  clk=1 status=00000001 a=10000000001011101000011101001100 b=01111111100000000000000000000000 z=10000000000000000000000000000000 z_check=10000000000000000000000000000000
#       2176   z result calculated correct
#       2176   p1 PASS
#       2192   status test PASS
#       2192  clk=1 status=00000001 a=10000000001011101000011101001100 b=11111111100000000000000000000000 z=00000000000000000000000000000000 z_check=00000000000000000000000000000000
#       2192   z result calculated correct
#       2192   p1 PASS
#       2208   status test PASS
#       2208  clk=1 status=00000110 a=10000000001011101000011101001100 b=01111111100100110010000001111010 z=01111111100000000000000000000000 z_check=01111111100000000000000000000000
#       2208   p3 PASS
#       2208   p2 PASS
#       2224   status test PASS
#       2224  clk=1 status=00000110 a=10000000001011101000011101001100 b=11111111101100001101101001111110 z=01111111100000000000000000000000 z_check=01111111100000000000000000000000
#       2224   p3 PASS
#       2224   p2 PASS
#       2240   status test PASS
#       2240  clk=1 status=00000110 a=10000000001011101000011101001100 b=01111111110011011110111111011010 z=01111111100000000000000000000000 z_check=01111111100000000000000000000000
#       2240   p3 PASS
#       2240   p2 PASS
#       2256   status test PASS
#       2256  clk=1 status=00000110 a=10000000001011101000011101001100 b=11111111110100011001111001001110 z=01111111100000000000000000000000 z_check=01111111100000000000000000000000
#       2256   p3 PASS
#       2256   p2 PASS
#       2272   status test PASS
#       2272  clk=1 status=00000110 a=10000000001011101000011101001100 b=01110000101100111001101000000010 z=01111111100000000000000000000000 z_check=01111111100000000000000000000000
#       2272   p3 PASS
#       2272   p2 PASS
#       2288   status test PASS
#       2288  clk=1 status=00000110 a=10000000001011101000011101001100 b=10111000000111010001011110011011 z=01111111100000000000000000000000 z_check=01111111100000000000000000000000
#       2288   z result calculated correct
#       2288   p3 PASS
#       2288   p2 PASS
#       2304   status test PASS
#       2304  clk=1 status=00000001 a=10000000001011101000011101001100 b=00000000011101001000000111011001 z=10000000000000000000000000000000 z_check=10000000000000000000000000000000
#       2304   z result calculated correct
#       2304   p1 PASS
#       2320   status test PASS
#       2320  clk=1 status=00000001 a=10000000001011101000011101001100 b=10000000001011101000011101001100 z=00000000000000000000000000000000 z_check=00000000000000000000000000000000
#       2320   z result calculated correct
#       2320   p1 PASS
#       2336   status test PASS
#       2336  clk=1 status=00000001 a=00000000000000000000000000000000 b=00000000000000000000000000000000 z=10000000000000000000000000000000 z_check=10000000000000000000000000000000
#       2336   z result calculated correct
#       2336   p1 PASS
#       2352   status test PASS
#       2352  clk=1 status=00000001 a=00000000000000000000000000000000 b=10000000000000000000000000000000 z=00000000000000000000000000000000 z_check=00000000000000000000000000000000
#       2352   p1 PASS
#       2368   status test PASS
#       2368  clk=1 status=00000001 a=00000000000000000000000000000000 b=01111111100000000000000000000000 z=00000000000000000000000000000000 z_check=00000000000000000000000000000000
#       2368   z result calculated correct
#       2368   p1 PASS
#       2384   status test PASS
#       2384  clk=1 status=00000001 a=00000000000000000000000000000000 b=11111111100000000000000000000000 z=10000000000000000000000000000000 z_check=10000000000000000000000000000000
#       2384   z result calculated correct
#       2384   p1 PASS
#       2400   status test PASS
#       2400  clk=1 status=00000110 a=00000000000000000000000000000000 b=01111111100100110010000001111010 z=01111111100000000000000000000000 z_check=01111111100000000000000000000000
#       2400   p3 PASS
#       2400   p2 PASS
#       2416   status test PASS
#       2416  clk=1 status=00000110 a=00000000000000000000000000000000 b=11111111101100001101101001111110 z=01111111100000000000000000000000 z_check=01111111100000000000000000000000
#       2416   p3 PASS
#       2416   p2 PASS
#       2432   status test PASS
#       2432  clk=1 status=00000110 a=00000000000000000000000000000000 b=01111111110011011110111111011010 z=01111111100000000000000000000000 z_check=01111111100000000000000000000000
#       2432   p3 PASS
#       2432   p2 PASS
#       2448   status test PASS
#       2448  clk=1 status=00000110 a=00000000000000000000000000000000 b=11111111110100011001111001001110 z=01111111100000000000000000000000 z_check=01111111100000000000000000000000
#       2448   p3 PASS
#       2448   p2 PASS
#       2464   status test PASS
#       2464  clk=1 status=00000110 a=00000000000000000000000000000000 b=01110000101100111001101000000010 z=01111111100000000000000000000000 z_check=01111111100000000000000000000000
#       2464   p3 PASS
#       2464   p2 PASS
#       2480   status test PASS
#       2480  clk=1 status=00000110 a=00000000000000000000000000000000 b=10111000000111010001011110011011 z=01111111100000000000000000000000 z_check=01111111100000000000000000000000
#       2480   z result calculated correct
#       2480   p3 PASS
#       2480   p2 PASS
#       2496   status test PASS
#       2496  clk=1 status=00000001 a=00000000000000000000000000000000 b=00000000011101001000000111011001 z=00000000000000000000000000000000 z_check=00000000000000000000000000000000
#       2496   z result calculated correct
#       2496   p1 PASS
#       2512   status test PASS
#       2512  clk=1 status=00000001 a=00000000000000000000000000000000 b=10000000001011101000011101001100 z=10000000000000000000000000000000 z_check=10000000000000000000000000000000
#       2512   z result calculated correct
#       2512   p1 PASS
#       2528   status test PASS
#       2528  clk=1 status=00000001 a=10000000000000000000000000000000 b=00000000000000000000000000000000 z=00000000000000000000000000000000 z_check=00000000000000000000000000000000
#       2528   z result calculated correct
#       2528   p1 PASS
#       2544   status test PASS
#       2544  clk=1 status=00000001 a=10000000000000000000000000000000 b=10000000000000000000000000000000 z=10000000000000000000000000000000 z_check=10000000000000000000000000000000
#       2544   p1 PASS
#       2560   status test PASS
#       2560  clk=1 status=00000001 a=10000000000000000000000000000000 b=01111111100000000000000000000000 z=10000000000000000000000000000000 z_check=10000000000000000000000000000000
#       2560   z result calculated correct
#       2560   p1 PASS
#       2576   status test PASS
#       2576  clk=1 status=00000001 a=10000000000000000000000000000000 b=11111111100000000000000000000000 z=00000000000000000000000000000000 z_check=00000000000000000000000000000000
#       2576   z result calculated correct
#       2576   p1 PASS
#       2592   status test PASS
#       2592  clk=1 status=00000110 a=10000000000000000000000000000000 b=01111111100100110010000001111010 z=01111111100000000000000000000000 z_check=01111111100000000000000000000000
#       2592   p3 PASS
#       2592   p2 PASS
#       2608   status test PASS
#       2608  clk=1 status=00000110 a=10000000000000000000000000000000 b=11111111101100001101101001111110 z=01111111100000000000000000000000 z_check=01111111100000000000000000000000
#       2608   p3 PASS
#       2608   p2 PASS
#       2624   status test PASS
#       2624  clk=1 status=00000110 a=10000000000000000000000000000000 b=01111111110011011110111111011010 z=01111111100000000000000000000000 z_check=01111111100000000000000000000000
#       2624   p3 PASS
#       2624   p2 PASS
#       2640   status test PASS
#       2640  clk=1 status=00000110 a=10000000000000000000000000000000 b=11111111110100011001111001001110 z=01111111100000000000000000000000 z_check=01111111100000000000000000000000
#       2640   p3 PASS
#       2640   p2 PASS
#       2656   status test PASS
#       2656  clk=1 status=00000110 a=10000000000000000000000000000000 b=01110000101100111001101000000010 z=01111111100000000000000000000000 z_check=01111111100000000000000000000000
#       2656   p3 PASS
#       2656   p2 PASS
#       2672   status test PASS
#       2672  clk=1 status=00000110 a=10000000000000000000000000000000 b=10111000000111010001011110011011 z=01111111100000000000000000000000 z_check=01111111100000000000000000000000
#       2672   z result calculated correct
#       2672   p3 PASS
#       2672   p2 PASS
#       2688   status test PASS
#       2688  clk=1 status=00000001 a=10000000000000000000000000000000 b=00000000011101001000000111011001 z=10000000000000000000000000000000 z_check=10000000000000000000000000000000
#       2688   z result calculated correct
#       2688   p1 PASS
#       2704   status test PASS
#       2704  clk=1 status=00000001 a=10000000000000000000000000000000 b=10000000001011101000011101001100 z=00000000000000000000000000000000 z_check=00000000000000000000000000000000
#       2704   z result calculated correct
#       2704   p1 PASS
#       2720   status test PASS
#       2720  clk=1 status=00000001 a=01111111100000000000000000000000 b=00000000000000000000000000000000 z=10000000000000000000000000000000 z_check=10000000000000000000000000000000
#       2720   z result calculated correct
#       2720   p1 PASS
#       2736   status test PASS
#       2736  clk=1 status=00000001 a=01111111100000000000000000000000 b=10000000000000000000000000000000 z=00000000000000000000000000000000 z_check=00000000000000000000000000000000
#       2736   z result calculated correct
#       2736   p1 PASS
#       2752   status test PASS
#       2752  clk=1 status=00000110 a=01111111100000000000000000000000 b=01111111100000000000000000000000 z=01111111100000000000000000000000 z_check=01111111100000000000000000000000
#       2752   p3 PASS
#       2752   p2 PASS
#       2768   status test PASS
#       2768  clk=1 status=00000110 a=01111111100000000000000000000000 b=11111111100000000000000000000000 z=01111111100000000000000000000000 z_check=01111111100000000000000000000000
#       2768   p3 PASS
#       2768   p2 PASS
#       2784   status test PASS
#       2784  clk=1 status=00000010 a=01111111100000000000000000000000 b=01111111100100110010000001111010 z=01111111100000000000000000000000 z_check=01111111100000000000000000000000
#       2784   z result calculated correct
#       2784   p2 PASS
#       2800   status test PASS
#       2800  clk=1 status=00000010 a=01111111100000000000000000000000 b=11111111101100001101101001111110 z=11111111100000000000000000000000 z_check=11111111100000000000000000000000
#       2800   z result calculated correct
#       2800   p2 PASS
#       2816   status test PASS
#       2816  clk=1 status=00000010 a=01111111100000000000000000000000 b=01111111110011011110111111011010 z=01111111100000000000000000000000 z_check=01111111100000000000000000000000
#       2816   z result calculated correct
#       2816   p2 PASS
#       2832   status test PASS
#       2832  clk=1 status=00000010 a=01111111100000000000000000000000 b=11111111110100011001111001001110 z=11111111100000000000000000000000 z_check=11111111100000000000000000000000
#       2832   z result calculated correct
#       2832   p2 PASS
#       2848   status test PASS
#       2848  clk=1 status=00000010 a=01111111100000000000000000000000 b=01110000101100111001101000000010 z=01111111100000000000000000000000 z_check=01111111100000000000000000000000
#       2848   z result calculated correct
#       2848   p2 PASS
#       2864   status test PASS
#       2864  clk=1 status=00000010 a=01111111100000000000000000000000 b=10111000000111010001011110011011 z=11111111100000000000000000000000 z_check=11111111100000000000000000000000
#       2864   z result calculated correct
#       2864   p2 PASS
#       2880   status test PASS
#       2880  clk=1 status=00000010 a=01111111100000000000000000000000 b=00000000011101001000000111011001 z=01111111100000000000000000000000 z_check=01111111100000000000000000000000
#       2880   z result calculated correct
#       2880   p2 PASS
#       2896   status test PASS
#       2896  clk=1 status=00000010 a=01111111100000000000000000000000 b=10000000001011101000011101001100 z=11111111100000000000000000000000 z_check=11111111100000000000000000000000
#       2896   z result calculated correct
#       2896   p2 PASS
#       2912   status test PASS
#       2912  clk=1 status=00000110 a=11111111100000000000000000000000 b=00000000000000000000000000000000 z=01111111100000000000000000000000 z_check=01111111100000000000000000000000
#       2912   p3 PASS
#       2912   p2 PASS
#       2928   status test PASS
#       2928  clk=1 status=00000110 a=11111111100000000000000000000000 b=10000000000000000000000000000000 z=01111111100000000000000000000000 z_check=01111111100000000000000000000000
#       2928   p3 PASS
#       2928   p2 PASS
#       2944   status test PASS
#       2944  clk=1 status=00000110 a=11111111100000000000000000000000 b=01111111100000000000000000000000 z=01111111100000000000000000000000 z_check=01111111100000000000000000000000
#       2944   p3 PASS
#       2944   p2 PASS
#       2960   status test PASS
#       2960  clk=1 status=00000110 a=11111111100000000000000000000000 b=11111111100000000000000000000000 z=01111111100000000000000000000000 z_check=01111111100000000000000000000000
#       2960   z result calculated correct
#       2960   p3 PASS
#       2960   p2 PASS
#       2976   status test PASS
#       2976  clk=1 status=00000010 a=11111111100000000000000000000000 b=01111111100100110010000001111010 z=11111111100000000000000000000000 z_check=11111111100000000000000000000000
#       2976   z result calculated correct
#       2976   p2 PASS
#       2992   status test PASS
#       2992  clk=1 status=00000010 a=11111111100000000000000000000000 b=11111111101100001101101001111110 z=01111111100000000000000000000000 z_check=01111111100000000000000000000000
#       2992   z result calculated correct
#       2992   p2 PASS
#       3008   status test PASS
#       3008  clk=1 status=00000010 a=11111111100000000000000000000000 b=01111111110011011110111111011010 z=11111111100000000000000000000000 z_check=11111111100000000000000000000000
#       3008   z result calculated correct
#       3008   p2 PASS
#       3024   status test PASS
#       3024  clk=1 status=00000010 a=11111111100000000000000000000000 b=11111111110100011001111001001110 z=01111111100000000000000000000000 z_check=01111111100000000000000000000000
#       3024   z result calculated correct
#       3024   p2 PASS
#       3040   status test PASS
#       3040  clk=1 status=00000010 a=11111111100000000000000000000000 b=01110000101100111001101000000010 z=11111111100000000000000000000000 z_check=11111111100000000000000000000000
#       3040   z result calculated correct
#       3040   p2 PASS
#       3056   status test PASS
#       3056  clk=1 status=00000010 a=11111111100000000000000000000000 b=10111000000111010001011110011011 z=01111111100000000000000000000000 z_check=01111111100000000000000000000000
#       3056   z result calculated correct
#       3056   p2 PASS
#       3072   status test PASS
#       3072  clk=1 status=00000010 a=11111111100000000000000000000000 b=00000000011101001000000111011001 z=11111111100000000000000000000000 z_check=11111111100000000000000000000000
#       3072   z result calculated correct
#       3072   p2 PASS
#       3088   status test PASS
#       3088  clk=1 status=00000010 a=11111111100000000000000000000000 b=10000000001011101000011101001100 z=01111111100000000000000000000000 z_check=01111111100000000000000000000000
#       3088   p2 PASS
#       3104   status test PASS
#       3104  clk=1 status=00000110 a=01111111100100110010000001111010 b=00000000000000000000000000000000 z=01111111100000000000000000000000 z_check=01111111100000000000000000000000
#       3104   p3 PASS
#       3104   p2 PASS
#       3120   status test PASS
#       3120  clk=1 status=00000110 a=01111111100100110010000001111010 b=10000000000000000000000000000000 z=01111111100000000000000000000000 z_check=01111111100000000000000000000000
#       3120   p3 PASS
#       3120   p2 PASS
#       3136   status test PASS
#       3136  clk=1 status=00000110 a=01111111100100110010000001111010 b=01111111100000000000000000000000 z=01111111100000000000000000000000 z_check=01111111100000000000000000000000
#       3136   p3 PASS
#       3136   p2 PASS
#       3152   status test PASS
#       3152  clk=1 status=00000110 a=01111111100100110010000001111010 b=11111111100000000000000000000000 z=01111111100000000000000000000000 z_check=01111111100000000000000000000000
#       3152   p3 PASS
#       3152   p2 PASS
#       3168   status test PASS
#       3168  clk=1 status=00000010 a=01111111100100110010000001111010 b=01111111100100110010000001111010 z=01111111100000000000000000000000 z_check=01111111100000000000000000000000
#       3168   z result calculated correct
#       3168   p2 PASS
#       3184   status test PASS
#       3184  clk=1 status=00000010 a=01111111100100110010000001111010 b=11111111101100001101101001111110 z=11111111100000000000000000000000 z_check=11111111100000000000000000000000
#       3184   z result calculated correct
#       3184   p2 PASS
#       3200   status test PASS
#       3200  clk=1 status=00000010 a=01111111100100110010000001111010 b=01111111110011011110111111011010 z=01111111100000000000000000000000 z_check=01111111100000000000000000000000
#       3200   z result calculated correct
#       3200   p2 PASS
#       3216   status test PASS
#       3216  clk=1 status=00000010 a=01111111100100110010000001111010 b=11111111110100011001111001001110 z=11111111100000000000000000000000 z_check=11111111100000000000000000000000
#       3216   z result calculated correct
#       3216   p2 PASS
#       3232   status test PASS
#       3232  clk=1 status=00000010 a=01111111100100110010000001111010 b=01110000101100111001101000000010 z=01111111100000000000000000000000 z_check=01111111100000000000000000000000
#       3232   z result calculated correct
#       3232   p2 PASS
#       3248   status test PASS
#       3248  clk=1 status=00000010 a=01111111100100110010000001111010 b=10111000000111010001011110011011 z=11111111100000000000000000000000 z_check=11111111100000000000000000000000
#       3248   z result calculated correct
#       3248   p2 PASS
#       3264   status test PASS
#       3264  clk=1 status=00000010 a=01111111100100110010000001111010 b=00000000011101001000000111011001 z=01111111100000000000000000000000 z_check=01111111100000000000000000000000
#       3264   z result calculated correct
#       3264   p2 PASS
#       3280   status test PASS
#       3280  clk=1 status=00000010 a=01111111100100110010000001111010 b=10000000001011101000011101001100 z=11111111100000000000000000000000 z_check=11111111100000000000000000000000
#       3280   z result calculated correct
#       3280   p2 PASS
#       3296   status test PASS
#       3296  clk=1 status=00000110 a=11111111101100001101101001111110 b=00000000000000000000000000000000 z=01111111100000000000000000000000 z_check=01111111100000000000000000000000
#       3296   p3 PASS
#       3296   p2 PASS
#       3312   status test PASS
#       3312  clk=1 status=00000110 a=11111111101100001101101001111110 b=10000000000000000000000000000000 z=01111111100000000000000000000000 z_check=01111111100000000000000000000000
#       3312   p3 PASS
#       3312   p2 PASS
#       3328   status test PASS
#       3328  clk=1 status=00000110 a=11111111101100001101101001111110 b=01111111100000000000000000000000 z=01111111100000000000000000000000 z_check=01111111100000000000000000000000
#       3328   p3 PASS
#       3328   p2 PASS
#       3344   status test PASS
#       3344  clk=1 status=00000110 a=11111111101100001101101001111110 b=11111111100000000000000000000000 z=01111111100000000000000000000000 z_check=01111111100000000000000000000000
#       3344   z result calculated correct
#       3344   p3 PASS
#       3344   p2 PASS
#       3360   status test PASS
#       3360  clk=1 status=00000010 a=11111111101100001101101001111110 b=01111111100100110010000001111010 z=11111111100000000000000000000000 z_check=11111111100000000000000000000000
#       3360   z result calculated correct
#       3360   p2 PASS
#       3376   status test PASS
#       3376  clk=1 status=00000010 a=11111111101100001101101001111110 b=11111111101100001101101001111110 z=01111111100000000000000000000000 z_check=01111111100000000000000000000000
#       3376   z result calculated correct
#       3376   p2 PASS
#       3392   status test PASS
#       3392  clk=1 status=00000010 a=11111111101100001101101001111110 b=01111111110011011110111111011010 z=11111111100000000000000000000000 z_check=11111111100000000000000000000000
#       3392   z result calculated correct
#       3392   p2 PASS
#       3408   status test PASS
#       3408  clk=1 status=00000010 a=11111111101100001101101001111110 b=11111111110100011001111001001110 z=01111111100000000000000000000000 z_check=01111111100000000000000000000000
#       3408   z result calculated correct
#       3408   p2 PASS
#       3424   status test PASS
#       3424  clk=1 status=00000010 a=11111111101100001101101001111110 b=01110000101100111001101000000010 z=11111111100000000000000000000000 z_check=11111111100000000000000000000000
#       3424   z result calculated correct
#       3424   p2 PASS
#       3440   status test PASS
#       3440  clk=1 status=00000010 a=11111111101100001101101001111110 b=10111000000111010001011110011011 z=01111111100000000000000000000000 z_check=01111111100000000000000000000000
#       3440   z result calculated correct
#       3440   p2 PASS
#       3456   status test PASS
#       3456  clk=1 status=00000010 a=11111111101100001101101001111110 b=00000000011101001000000111011001 z=11111111100000000000000000000000 z_check=11111111100000000000000000000000
#       3456   z result calculated correct
#       3456   p2 PASS
#       3472   status test PASS
#       3472  clk=1 status=00000010 a=11111111101100001101101001111110 b=10000000001011101000011101001100 z=01111111100000000000000000000000 z_check=01111111100000000000000000000000
#       3472   p2 PASS
#       3488   status test PASS
#       3488  clk=1 status=00000110 a=01111111110011011110111111011010 b=00000000000000000000000000000000 z=01111111100000000000000000000000 z_check=01111111100000000000000000000000
#       3488   p3 PASS
#       3488   p2 PASS
#       3504   status test PASS
#       3504  clk=1 status=00000110 a=01111111110011011110111111011010 b=10000000000000000000000000000000 z=01111111100000000000000000000000 z_check=01111111100000000000000000000000
#       3504   p3 PASS
#       3504   p2 PASS
#       3520   status test PASS
#       3520  clk=1 status=00000110 a=01111111110011011110111111011010 b=01111111100000000000000000000000 z=01111111100000000000000000000000 z_check=01111111100000000000000000000000
#       3520   p3 PASS
#       3520   p2 PASS
#       3536   status test PASS
#       3536  clk=1 status=00000110 a=01111111110011011110111111011010 b=11111111100000000000000000000000 z=01111111100000000000000000000000 z_check=01111111100000000000000000000000
#       3536   p3 PASS
#       3536   p2 PASS
#       3552   status test PASS
#       3552  clk=1 status=00000010 a=01111111110011011110111111011010 b=01111111100100110010000001111010 z=01111111100000000000000000000000 z_check=01111111100000000000000000000000
#       3552   z result calculated correct
#       3552   p2 PASS
#       3568   status test PASS
#       3568  clk=1 status=00000010 a=01111111110011011110111111011010 b=11111111101100001101101001111110 z=11111111100000000000000000000000 z_check=11111111100000000000000000000000
#       3568   z result calculated correct
#       3568   p2 PASS
#       3584   status test PASS
#       3584  clk=1 status=00000010 a=01111111110011011110111111011010 b=01111111110011011110111111011010 z=01111111100000000000000000000000 z_check=01111111100000000000000000000000
#       3584   z result calculated correct
#       3584   p2 PASS
#       3600   status test PASS
#       3600  clk=1 status=00000010 a=01111111110011011110111111011010 b=11111111110100011001111001001110 z=11111111100000000000000000000000 z_check=11111111100000000000000000000000
#       3600   z result calculated correct
#       3600   p2 PASS
#       3616   status test PASS
#       3616  clk=1 status=00000010 a=01111111110011011110111111011010 b=01110000101100111001101000000010 z=01111111100000000000000000000000 z_check=01111111100000000000000000000000
#       3616   z result calculated correct
#       3616   p2 PASS
#       3632   status test PASS
#       3632  clk=1 status=00000010 a=01111111110011011110111111011010 b=10111000000111010001011110011011 z=11111111100000000000000000000000 z_check=11111111100000000000000000000000
#       3632   z result calculated correct
#       3632   p2 PASS
#       3648   status test PASS
#       3648  clk=1 status=00000010 a=01111111110011011110111111011010 b=00000000011101001000000111011001 z=01111111100000000000000000000000 z_check=01111111100000000000000000000000
#       3648   z result calculated correct
#       3648   p2 PASS
#       3664   status test PASS
#       3664  clk=1 status=00000010 a=01111111110011011110111111011010 b=10000000001011101000011101001100 z=11111111100000000000000000000000 z_check=11111111100000000000000000000000
#       3664   z result calculated correct
#       3664   p2 PASS
#       3680   status test PASS
#       3680  clk=1 status=00000110 a=11111111110100011001111001001110 b=00000000000000000000000000000000 z=01111111100000000000000000000000 z_check=01111111100000000000000000000000
#       3680   p3 PASS
#       3680   p2 PASS
#       3696   status test PASS
#       3696  clk=1 status=00000110 a=11111111110100011001111001001110 b=10000000000000000000000000000000 z=01111111100000000000000000000000 z_check=01111111100000000000000000000000
#       3696   p3 PASS
#       3696   p2 PASS
#       3712   status test PASS
#       3712  clk=1 status=00000110 a=11111111110100011001111001001110 b=01111111100000000000000000000000 z=01111111100000000000000000000000 z_check=01111111100000000000000000000000
#       3712   p3 PASS
#       3712   p2 PASS
#       3728   status test PASS
#       3728  clk=1 status=00000110 a=11111111110100011001111001001110 b=11111111100000000000000000000000 z=01111111100000000000000000000000 z_check=01111111100000000000000000000000
#       3728   z result calculated correct
#       3728   p3 PASS
#       3728   p2 PASS
#       3744   status test PASS
#       3744  clk=1 status=00000010 a=11111111110100011001111001001110 b=01111111100100110010000001111010 z=11111111100000000000000000000000 z_check=11111111100000000000000000000000
#       3744   z result calculated correct
#       3744   p2 PASS
#       3760   status test PASS
#       3760  clk=1 status=00000010 a=11111111110100011001111001001110 b=11111111101100001101101001111110 z=01111111100000000000000000000000 z_check=01111111100000000000000000000000
#       3760   z result calculated correct
#       3760   p2 PASS
#       3776   status test PASS
#       3776  clk=1 status=00000010 a=11111111110100011001111001001110 b=01111111110011011110111111011010 z=11111111100000000000000000000000 z_check=11111111100000000000000000000000
#       3776   z result calculated correct
#       3776   p2 PASS
#       3792   status test PASS
#       3792  clk=1 status=00000010 a=11111111110100011001111001001110 b=11111111110100011001111001001110 z=01111111100000000000000000000000 z_check=01111111100000000000000000000000
#       3792   z result calculated correct
#       3792   p2 PASS
#       3808   status test PASS
#       3808  clk=1 status=00000010 a=11111111110100011001111001001110 b=01110000101100111001101000000010 z=11111111100000000000000000000000 z_check=11111111100000000000000000000000
#       3808   z result calculated correct
#       3808   p2 PASS
#       3824   status test PASS
#       3824  clk=1 status=00000010 a=11111111110100011001111001001110 b=10111000000111010001011110011011 z=01111111100000000000000000000000 z_check=01111111100000000000000000000000
#       3824   z result calculated correct
#       3824   p2 PASS
#       3840   status test PASS
#       3840  clk=1 status=00000010 a=11111111110100011001111001001110 b=00000000011101001000000111011001 z=11111111100000000000000000000000 z_check=11111111100000000000000000000000
#       3840   z result calculated correct
#       3840   p2 PASS
#       3856   status test PASS
#       3856  clk=1 status=00000010 a=11111111110100011001111001001110 b=10000000001011101000011101001100 z=01111111100000000000000000000000 z_check=01111111100000000000000000000000
#       3856   p2 PASS
#       3872   status test PASS
#       3872  clk=1 status=00000110 a=01110000101100111001101000000010 b=00000000000000000000000000000000 z=01111111100000000000000000000000 z_check=01111111100000000000000000000000
#       3872   p3 PASS
#       3872   p2 PASS
#       3888   status test PASS
#       3888  clk=1 status=00000110 a=01110000101100111001101000000010 b=10000000000000000000000000000000 z=01111111100000000000000000000000 z_check=01111111100000000000000000000000
#       3888   z result calculated correct
#       3888   p3 PASS
#       3888   p2 PASS
#       3904   status test PASS
#       3904  clk=1 status=00000001 a=01110000101100111001101000000010 b=01111111100000000000000000000000 z=00000000000000000000000000000000 z_check=00000000000000000000000000000000
#       3904   z result calculated correct
#       3904   p1 PASS
#       3920   status test PASS
#       3920  clk=1 status=00000001 a=01110000101100111001101000000010 b=11111111100000000000000000000000 z=10000000000000000000000000000000 z_check=10000000000000000000000000000000
#       3920   z result calculated correct
#       3920   p1 PASS
#       3936   status test PASS
#       3936  clk=1 status=00000010 a=01110000101100111001101000000010 b=01111111100100110010000001111010 z=01111111100000000000000000000000 z_check=01111111100000000000000000000000
#       3936   z result calculated correct
#       3936   p2 PASS
#       3952   status test PASS
#       3952  clk=1 status=00000010 a=01110000101100111001101000000010 b=11111111101100001101101001111110 z=11111111100000000000000000000000 z_check=11111111100000000000000000000000
#       3952   z result calculated correct
#       3952   p2 PASS
#       3968   status test PASS
#       3968  clk=1 status=00000010 a=01110000101100111001101000000010 b=01111111110011011110111111011010 z=01111111100000000000000000000000 z_check=01111111100000000000000000000000
#       3968   z result calculated correct
#       3968   p2 PASS
#       3984   status test PASS
#       3984  clk=1 status=00000010 a=01110000101100111001101000000010 b=11111111110100011001111001001110 z=11111111100000000000000000000000 z_check=11111111100000000000000000000000
#       3984   z result calculated correct
#       3984   p2 PASS
#       4000   status test PASS
#       4000  clk=1 status=00000010 a=01110000101100111001101000000010 b=01110000101100111001101000000010 z=01111111100000000000000000000000 z_check=01111111100000000000000000000000
#       4000   z result calculated correct
#       4000   p2 PASS
#       4016   status test PASS
#       4016  clk=1 status=00000010 a=01110000101100111001101000000010 b=10111000000111010001011110011011 z=11111111100000000000000000000000 z_check=11111111100000000000000000000000
#       4016   z result calculated correct
#       4016   p2 PASS
#       4032   status test PASS
#       4032  clk=1 status=00010010 a=01110000101100111001101000000010 b=00000000011101001000000111011001 z=01111111100000000000000000000000 z_check=01111111100000000000000000000000
#       4032   z result calculated correct
#       4032   p4 PASS
#       4032   p2 PASS
#       4048   status test PASS
#       4048  clk=1 status=00000000 a=01110000101100111001101000000010 b=10000000001011101000011101001100 z=11101001010111000110110000000110 z_check=11101001010111000110110000000110
#       4048   z result calculated correct
#       4064   status test PASS
#       4064  clk=1 status=00000001 a=10111000000111010001011110011011 b=00000000000000000000000000000000 z=00000000000000000000000000000000 z_check=00000000000000000000000000000000
#       4064   z result calculated correct
#       4064   p1 PASS
#       4080   status test PASS
#       4080  clk=1 status=00000001 a=10111000000111010001011110011011 b=10000000000000000000000000000000 z=10000000000000000000000000000000 z_check=10000000000000000000000000000000
#       4080   p1 PASS
#       4096   status test PASS
#       4096  clk=1 status=00000001 a=10111000000111010001011110011011 b=01111111100000000000000000000000 z=10000000000000000000000000000000 z_check=10000000000000000000000000000000
#       4096   z result calculated correct
#       4096   p1 PASS
#       4112   status test PASS
#       4112  clk=1 status=00000001 a=10111000000111010001011110011011 b=11111111100000000000000000000000 z=00000000000000000000000000000000 z_check=00000000000000000000000000000000
#       4112   z result calculated correct
#       4112   p1 PASS
#       4128   status test PASS
#       4128  clk=1 status=00000010 a=10111000000111010001011110011011 b=01111111100100110010000001111010 z=11111111100000000000000000000000 z_check=11111111100000000000000000000000
#       4128   z result calculated correct
#       4128   p2 PASS
#       4144   status test PASS
#       4144  clk=1 status=00000010 a=10111000000111010001011110011011 b=11111111101100001101101001111110 z=01111111100000000000000000000000 z_check=01111111100000000000000000000000
#       4144   z result calculated correct
#       4144   p2 PASS
#       4160   status test PASS
#       4160  clk=1 status=00000010 a=10111000000111010001011110011011 b=01111111110011011110111111011010 z=11111111100000000000000000000000 z_check=11111111100000000000000000000000
#       4160   z result calculated correct
#       4160   p2 PASS
#       4176   status test PASS
#       4176  clk=1 status=00000010 a=10111000000111010001011110011011 b=11111111110100011001111001001110 z=01111111100000000000000000000000 z_check=01111111100000000000000000000000
#       4176   z result calculated correct
#       4176   p2 PASS
#       4192   status test PASS
#       4192  clk=1 status=00000010 a=10111000000111010001011110011011 b=01110000101100111001101000000010 z=11111111100000000000000000000000 z_check=11111111100000000000000000000000
#       4192   z result calculated correct
#       4192   p2 PASS
#       4208   status test PASS
#       4208  clk=1 status=00000010 a=10111000000111010001011110011011 b=10111000000111010001011110011011 z=01111111100000000000000000000000 z_check=01111111100000000000000000000000
#       4208   z result calculated correct
#       4208   p2 PASS
#       4224   status test PASS
#       4224  clk=1 status=00000000 a=10111000000111010001011110011011 b=00000000011101001000000111011001 z=11101001010111000110110000000110 z_check=11101001010111000110110000000110
#       4224   z result calculated correct
#       4240   status test PASS
#       4240  clk=1 status=00000000 a=10111000000111010001011110011011 b=10000000001011101000011101001100 z=00110000110000001100101111101101 z_check=00110000110000001100101111101101
#       4240   z result calculated correct
#       4256   status test PASS
#       4256  clk=1 status=00000001 a=00000000011101001000000111011001 b=00000000000000000000000000000000 z=10000000000000000000000000000000 z_check=10000000000000000000000000000000
#       4256   z result calculated correct
#       4256   p1 PASS
#       4272   status test PASS
#       4272  clk=1 status=00000001 a=00000000011101001000000111011001 b=10000000000000000000000000000000 z=00000000000000000000000000000000 z_check=00000000000000000000000000000000
#       4272   p1 PASS
#       4288   status test PASS
#       4288  clk=1 status=00000001 a=00000000011101001000000111011001 b=01111111100000000000000000000000 z=00000000000000000000000000000000 z_check=00000000000000000000000000000000
#       4288   z result calculated correct
#       4288   p1 PASS
#       4304   status test PASS
#       4304  clk=1 status=00000001 a=00000000011101001000000111011001 b=11111111100000000000000000000000 z=10000000000000000000000000000000 z_check=10000000000000000000000000000000
#       4304   z result calculated correct
#       4304   p1 PASS
#       4320   status test PASS
#       4320  clk=1 status=00000110 a=00000000011101001000000111011001 b=01111111100100110010000001111010 z=01111111100000000000000000000000 z_check=01111111100000000000000000000000
#       4320   p3 PASS
#       4320   p2 PASS
#       4336   status test PASS
#       4336  clk=1 status=00000110 a=00000000011101001000000111011001 b=11111111101100001101101001111110 z=01111111100000000000000000000000 z_check=01111111100000000000000000000000
#       4336   p3 PASS
#       4336   p2 PASS
#       4352   status test PASS
#       4352  clk=1 status=00000110 a=00000000011101001000000111011001 b=01111111110011011110111111011010 z=01111111100000000000000000000000 z_check=01111111100000000000000000000000
#       4352   p3 PASS
#       4352   p2 PASS
#       4368   status test PASS
#       4368  clk=1 status=00000110 a=00000000011101001000000111011001 b=11111111110100011001111001001110 z=01111111100000000000000000000000 z_check=01111111100000000000000000000000
#       4368   p3 PASS
#       4368   p2 PASS
#       4384   status test PASS
#       4384  clk=1 status=00000110 a=00000000011101001000000111011001 b=01110000101100111001101000000010 z=01111111100000000000000000000000 z_check=01111111100000000000000000000000
#       4384   p3 PASS
#       4384   p2 PASS
#       4400   status test PASS
#       4400  clk=1 status=00000110 a=00000000011101001000000111011001 b=10111000000111010001011110011011 z=01111111100000000000000000000000 z_check=01111111100000000000000000000000
#       4400   z result calculated correct
#       4400   p3 PASS
#       4400   p2 PASS
#       4416   status test PASS
#       4416  clk=1 status=00000001 a=00000000011101001000000111011001 b=00000000011101001000000111011001 z=00000000000000000000000000000000 z_check=00000000000000000000000000000000
#       4416   z result calculated correct
#       4416   p1 PASS
#       4432   status test PASS
#       4432  clk=1 status=00000001 a=00000000011101001000000111011001 b=10000000001011101000011101001100 z=10000000000000000000000000000000 z_check=10000000000000000000000000000000
#       4432   z result calculated correct
#       4432   p1 PASS
#       4448   status test PASS
#       4448  clk=1 status=00000001 a=10000000001011101000011101001100 b=00000000000000000000000000000000 z=00000000000000000000000000000000 z_check=00000000000000000000000000000000
#       4448   z result calculated correct
#       4448   p1 PASS
#       4464   status test PASS
#       4464  clk=1 status=00000001 a=10000000001011101000011101001100 b=10000000000000000000000000000000 z=10000000000000000000000000000000 z_check=10000000000000000000000000000000
#       4464   p1 PASS
#       4480   status test PASS
#       4480  clk=1 status=00000001 a=10000000001011101000011101001100 b=01111111100000000000000000000000 z=10000000000000000000000000000000 z_check=10000000000000000000000000000000
#       4480   z result calculated correct
#       4480   p1 PASS
#       4496   status test PASS
#       4496  clk=1 status=00000001 a=10000000001011101000011101001100 b=11111111100000000000000000000000 z=00000000000000000000000000000000 z_check=00000000000000000000000000000000
#       4496   z result calculated correct
#       4496   p1 PASS
#       4512   status test PASS
#       4512  clk=1 status=00000110 a=10000000001011101000011101001100 b=01111111100100110010000001111010 z=01111111100000000000000000000000 z_check=01111111100000000000000000000000
#       4512   p3 PASS
#       4512   p2 PASS
#       4528   status test PASS
#       4528  clk=1 status=00000110 a=10000000001011101000011101001100 b=11111111101100001101101001111110 z=01111111100000000000000000000000 z_check=01111111100000000000000000000000
#       4528   p3 PASS
#       4528   p2 PASS
#       4544   status test PASS
#       4544  clk=1 status=00000110 a=10000000001011101000011101001100 b=01111111110011011110111111011010 z=01111111100000000000000000000000 z_check=01111111100000000000000000000000
#       4544   p3 PASS
#       4544   p2 PASS
#       4560   status test PASS
#       4560  clk=1 status=00000110 a=10000000001011101000011101001100 b=11111111110100011001111001001110 z=01111111100000000000000000000000 z_check=01111111100000000000000000000000
#       4560   p3 PASS
#       4560   p2 PASS
#       4576   status test PASS
#       4576  clk=1 status=00000110 a=10000000001011101000011101001100 b=01110000101100111001101000000010 z=01111111100000000000000000000000 z_check=01111111100000000000000000000000
#       4576   p3 PASS
#       4576   p2 PASS
#       4592   status test PASS
#       4592  clk=1 status=00000110 a=10000000001011101000011101001100 b=10111000000111010001011110011011 z=01111111100000000000000000000000 z_check=01111111100000000000000000000000
#       4592   z result calculated correct
#       4592   p3 PASS
#       4592   p2 PASS
#       4608   status test PASS
#       4608  clk=1 status=00000001 a=10000000001011101000011101001100 b=00000000011101001000000111011001 z=10000000000000000000000000000000 z_check=10000000000000000000000000000000
#       4608   z result calculated correct
#       4608   p1 PASS
#       4624   status test PASS
#       4624  clk=1 status=00000001 a=10000000001011101000011101001100 b=10000000001011101000011101001100 z=00000000000000000000000000000000 z_check=00000000000000000000000000000000
#       4624   z result calculated correct
#       4624   p1 PASS
#       4640   status test PASS
#       4640  clk=1 status=00000001 a=00000000000000000000000000000000 b=00000000000000000000000000000000 z=10000000000000000000000000000000 z_check=10000000000000000000000000000000
#       4640   z result calculated correct
#       4640   p1 PASS
#       4656   status test PASS
#       4656  clk=1 status=00000001 a=00000000000000000000000000000000 b=10000000000000000000000000000000 z=00000000000000000000000000000000 z_check=00000000000000000000000000000000
#       4656   p1 PASS
#       4672   status test PASS
#       4672  clk=1 status=00000001 a=00000000000000000000000000000000 b=01111111100000000000000000000000 z=00000000000000000000000000000000 z_check=00000000000000000000000000000000
#       4672   z result calculated correct
#       4672   p1 PASS
#       4688   status test PASS
#       4688  clk=1 status=00000001 a=00000000000000000000000000000000 b=11111111100000000000000000000000 z=10000000000000000000000000000000 z_check=10000000000000000000000000000000
#       4688   z result calculated correct
#       4688   p1 PASS
#       4704   status test PASS
#       4704  clk=1 status=00000110 a=00000000000000000000000000000000 b=01111111100100110010000001111010 z=01111111100000000000000000000000 z_check=01111111100000000000000000000000
#       4704   p3 PASS
#       4704   p2 PASS
#       4720   status test PASS
#       4720  clk=1 status=00000110 a=00000000000000000000000000000000 b=11111111101100001101101001111110 z=01111111100000000000000000000000 z_check=01111111100000000000000000000000
#       4720   p3 PASS
#       4720   p2 PASS
#       4736   status test PASS
#       4736  clk=1 status=00000110 a=00000000000000000000000000000000 b=01111111110011011110111111011010 z=01111111100000000000000000000000 z_check=01111111100000000000000000000000
#       4736   p3 PASS
#       4736   p2 PASS
#       4752   status test PASS
#       4752  clk=1 status=00000110 a=00000000000000000000000000000000 b=11111111110100011001111001001110 z=01111111100000000000000000000000 z_check=01111111100000000000000000000000
#       4752   p3 PASS
#       4752   p2 PASS
#       4768   status test PASS
#       4768  clk=1 status=00000110 a=00000000000000000000000000000000 b=01110000101100111001101000000010 z=01111111100000000000000000000000 z_check=01111111100000000000000000000000
#       4768   p3 PASS
#       4768   p2 PASS
#       4784   status test PASS
#       4784  clk=1 status=00000110 a=00000000000000000000000000000000 b=10111000000111010001011110011011 z=01111111100000000000000000000000 z_check=01111111100000000000000000000000
#       4784   z result calculated correct
#       4784   p3 PASS
#       4784   p2 PASS
#       4800   status test PASS
#       4800  clk=1 status=00000001 a=00000000000000000000000000000000 b=00000000011101001000000111011001 z=00000000000000000000000000000000 z_check=00000000000000000000000000000000
#       4800   z result calculated correct
#       4800   p1 PASS
#       4816   status test PASS
#       4816  clk=1 status=00000001 a=00000000000000000000000000000000 b=10000000001011101000011101001100 z=10000000000000000000000000000000 z_check=10000000000000000000000000000000
#       4816   z result calculated correct
#       4816   p1 PASS
#       4832   status test PASS
#       4832  clk=1 status=00000001 a=10000000000000000000000000000000 b=00000000000000000000000000000000 z=00000000000000000000000000000000 z_check=00000000000000000000000000000000
#       4832   z result calculated correct
#       4832   p1 PASS
#       4848   status test PASS
#       4848  clk=1 status=00000001 a=10000000000000000000000000000000 b=10000000000000000000000000000000 z=10000000000000000000000000000000 z_check=10000000000000000000000000000000
#       4848   p1 PASS
#       4864   status test PASS
#       4864  clk=1 status=00000001 a=10000000000000000000000000000000 b=01111111100000000000000000000000 z=10000000000000000000000000000000 z_check=10000000000000000000000000000000
#       4864   z result calculated correct
#       4864   p1 PASS
#       4880   status test PASS
#       4880  clk=1 status=00000001 a=10000000000000000000000000000000 b=11111111100000000000000000000000 z=00000000000000000000000000000000 z_check=00000000000000000000000000000000
#       4880   z result calculated correct
#       4880   p1 PASS
#       4896   status test PASS
#       4896  clk=1 status=00000110 a=10000000000000000000000000000000 b=01111111100100110010000001111010 z=01111111100000000000000000000000 z_check=01111111100000000000000000000000
#       4896   p3 PASS
#       4896   p2 PASS
#       4912   status test PASS
#       4912  clk=1 status=00000110 a=10000000000000000000000000000000 b=11111111101100001101101001111110 z=01111111100000000000000000000000 z_check=01111111100000000000000000000000
#       4912   p3 PASS
#       4912   p2 PASS
#       4928   status test PASS
#       4928  clk=1 status=00000110 a=10000000000000000000000000000000 b=01111111110011011110111111011010 z=01111111100000000000000000000000 z_check=01111111100000000000000000000000
#       4928   p3 PASS
#       4928   p2 PASS
#       4944   status test PASS
#       4944  clk=1 status=00000110 a=10000000000000000000000000000000 b=11111111110100011001111001001110 z=01111111100000000000000000000000 z_check=01111111100000000000000000000000
#       4944   p3 PASS
#       4944   p2 PASS
#       4960   status test PASS
#       4960  clk=1 status=00000110 a=10000000000000000000000000000000 b=01110000101100111001101000000010 z=01111111100000000000000000000000 z_check=01111111100000000000000000000000
#       4960   p3 PASS
#       4960   p2 PASS
#       4976   status test PASS
#       4976  clk=1 status=00000110 a=10000000000000000000000000000000 b=10111000000111010001011110011011 z=01111111100000000000000000000000 z_check=01111111100000000000000000000000
#       4976   z result calculated correct
#       4976   p3 PASS
#       4976   p2 PASS
#       4992   status test PASS
#       4992  clk=1 status=00000001 a=10000000000000000000000000000000 b=00000000011101001000000111011001 z=10000000000000000000000000000000 z_check=10000000000000000000000000000000
#       4992   z result calculated correct
#       4992   p1 PASS
# ** Note: $finish    : testbench.sv(273)
#    Time: 5 us  Iteration: 0  Instance: /TestBench
# End time: 18:43:51 on Jun 15,2024, Elapsed time: 0:00:01
# Errors: 0, Warnings: 0
# *** Summary *********************************************
#     qrun: Errors:   0, Warnings:   0
#     vlog: Errors:   0, Warnings:   0
#     vopt: Errors:   0, Warnings:   1
#     vsim: Errors:   0, Warnings:   0
#   Totals: Errors:   0, Warnings:   1
